Audit Success,04-06-2025 11:05:44,Microsoft-Windows-Security-Auditing,4624,Logon,"An account was successfully logged on.

Subject:
	Security ID:		SYSTEM
	Account Name:		ALICE-IN-WONDER$
	Account Domain:		WORKGROUP
	Logon ID:		0x3E7

Logon Information:
	Logon Type:		5
	Restricted Admin Mode:	-
	Remote Credential Guard:	-
	Virtual Account:		No
	Elevated Token:		Yes

Impersonation Level:		Impersonation

New Logon:
	Security ID:		SYSTEM
	Account Name:		SYSTEM
	Account Domain:		NT AUTHORITY
	Logon ID:		0x3E7
	Linked Logon ID:		0x0
	Network Account Name:	-
	Network Account Domain:	-
	Logon GUID:		{00000000-0000-0000-0000-000000000000}

Process Information:
	Process ID:		0x408
	Process Name:		C:\Windows\System32\services.exe

Network Information:
	Workstation Name:	-
	Source Network Address:	-
	Source Port:		-

Detailed Authentication Information:
	Logon Process:		Advapi  
	Authentication Package:	Negotiate
	Transited Services:	-
	Package Name (NTLM only):	-
	Key Length:		0

This event is generated when a logon session is created. It is generated on the computer that was accessed.

The subject fields indicate the account on the local system which requested the logon. This is most commonly a service such as the Server service, or a local process such as Winlogon.exe or Services.exe.

The logon type field indicates the kind of logon that occurred. The most common types are 2 (interactive) and 3 (network).

The New Logon fields indicate the account for whom the new logon was created, i.e. the account that was logged on.

The network fields indicate where a remote logon request originated. Workstation name is not always available and may be left blank in some cases.

The impersonation level field indicates the extent to which a process in the logon session can impersonate.

The authentication information fields provide detailed information about this specific logon request.
	- Logon GUID is a unique identifier that can be used to correlate this event with a KDC event.
	- Transited services indicate which intermediate services have participated in this logon request.
	- Package name indicates which sub-protocol was used among the NTLM protocols.
	- Key length indicates the length of the generated session key. This will be 0 if no session key was requested."
Audit Success,04-06-2025 11:05:38,Microsoft-Windows-Security-Auditing,4798,User Account Management,"A user's local group membership was enumerated.

Subject:
	Security ID:		SYSTEM
	Account Name:		ALICE-IN-WONDER$
	Account Domain:		WORKGROUP
	Logon ID:		0x3E7

User:
	Security ID:		ALICE-IN-WONDER\DELL
	Account Name:		DELL
	Account Domain:		ALICE-IN-WONDER

Process Information:
	Process ID:		0x1594
	Process Name:		C:\Windows\System32\svchost.exe"
Audit Success,04-06-2025 11:05:38,Microsoft-Windows-Security-Auditing,4798,User Account Management,"A user's local group membership was enumerated.

Subject:
	Security ID:		SYSTEM
	Account Name:		ALICE-IN-WONDER$
	Account Domain:		WORKGROUP
	Logon ID:		0x3E7

User:
	Security ID:		ALICE-IN-WONDER\DefaultAccount
	Account Name:		DefaultAccount
	Account Domain:		ALICE-IN-WONDER

Process Information:
	Process ID:		0x1594
	Process Name:		C:\Windows\System32\svchost.exe"
Audit Success,04-06-2025 11:05:38,Microsoft-Windows-Security-Auditing,4798,User Account Management,"A user's local group membership was enumerated.

Subject:
	Security ID:		SYSTEM
	Account Name:		ALICE-IN-WONDER$
	Account Domain:		WORKGROUP
	Logon ID:		0x3E7

User:
	Security ID:		ALICE-IN-WONDER\Administrator
	Account Name:		Administrator
	Account Domain:		ALICE-IN-WONDER

Process Information:
	Process ID:		0x1594
	Process Name:		C:\Windows\System32\svchost.exe"
Audit Success,04-06-2025 11:05:38,Microsoft-Windows-Security-Auditing,4798,User Account Management,"A user's local group membership was enumerated.

Subject:
	Security ID:		SYSTEM
	Account Name:		ALICE-IN-WONDER$
	Account Domain:		WORKGROUP
	Logon ID:		0x3E7

User:
	Security ID:		ALICE-IN-WONDER\DELL
	Account Name:		DELL
	Account Domain:		ALICE-IN-WONDER

Process Information:
	Process ID:		0x1594
	Process Name:		C:\Windows\System32\svchost.exe"
Audit Success,04-06-2025 11:05:38,Microsoft-Windows-Security-Auditing,4798,User Account Management,"A user's local group membership was enumerated.

Subject:
	Security ID:		SYSTEM
	Account Name:		ALICE-IN-WONDER$
	Account Domain:		WORKGROUP
	Logon ID:		0x3E7

User:
	Security ID:		ALICE-IN-WONDER\DefaultAccount
	Account Name:		DefaultAccount
	Account Domain:		ALICE-IN-WONDER

Process Information:
	Process ID:		0x1594
	Process Name:		C:\Windows\System32\svchost.exe"
Audit Success,04-06-2025 11:05:38,Microsoft-Windows-Security-Auditing,4798,User Account Management,"A user's local group membership was enumerated.

Subject:
	Security ID:		SYSTEM
	Account Name:		ALICE-IN-WONDER$
	Account Domain:		WORKGROUP
	Logon ID:		0x3E7

User:
	Security ID:		ALICE-IN-WONDER\Administrator
	Account Name:		Administrator
	Account Domain:		ALICE-IN-WONDER

Process Information:
	Process ID:		0x1594
	Process Name:		C:\Windows\System32\svchost.exe"
Audit Success,04-06-2025 11:03:57,Microsoft-Windows-Security-Auditing,4798,User Account Management,"A user's local group membership was enumerated.

Subject:
	Security ID:		SYSTEM
	Account Name:		ALICE-IN-WONDER$
	Account Domain:		WORKGROUP
	Logon ID:		0x3E7

User:
	Security ID:		ALICE-IN-WONDER\DELL
	Account Name:		DELL
	Account Domain:		ALICE-IN-WONDER

Process Information:
	Process ID:		0x1594
	Process Name:		C:\Windows\System32\svchost.exe"
Audit Success,04-06-2025 11:03:57,Microsoft-Windows-Security-Auditing,4798,User Account Management,"A user's local group membership was enumerated.

Subject:
	Security ID:		SYSTEM
	Account Name:		ALICE-IN-WONDER$
	Account Domain:		WORKGROUP
	Logon ID:		0x3E7

User:
	Security ID:		ALICE-IN-WONDER\DefaultAccount
	Account Name:		DefaultAccount
	Account Domain:		ALICE-IN-WONDER

Process Information:
	Process ID:		0x1594
	Process Name:		C:\Windows\System32\svchost.exe"
Audit Success,04-06-2025 11:03:57,Microsoft-Windows-Security-Auditing,4798,User Account Management,"A user's local group membership was enumerated.

Subject:
	Security ID:		SYSTEM
	Account Name:		ALICE-IN-WONDER$
	Account Domain:		WORKGROUP
	Logon ID:		0x3E7

User:
	Security ID:		ALICE-IN-WONDER\Administrator
	Account Name:		Administrator
	Account Domain:		ALICE-IN-WONDER

Process Information:
	Process ID:		0x1594
	Process Name:		C:\Windows\System32\svchost.exe"
Audit Success,04-06-2025 11:03:57,Microsoft-Windows-Security-Auditing,4798,User Account Management,"A user's local group membership was enumerated.

Subject:
	Security ID:		SYSTEM
	Account Name:		ALICE-IN-WONDER$
	Account Domain:		WORKGROUP
	Logon ID:		0x3E7

User:
	Security ID:		ALICE-IN-WONDER\DELL
	Account Name:		DELL
	Account Domain:		ALICE-IN-WONDER

Process Information:
	Process ID:		0x1594
	Process Name:		C:\Windows\System32\svchost.exe"
Audit Success,04-06-2025 11:03:57,Microsoft-Windows-Security-Auditing,4798,User Account Management,"A user's local group membership was enumerated.

Subject:
	Security ID:		SYSTEM
	Account Name:		ALICE-IN-WONDER$
	Account Domain:		WORKGROUP
	Logon ID:		0x3E7

User:
	Security ID:		ALICE-IN-WONDER\DefaultAccount
	Account Name:		DefaultAccount
	Account Domain:		ALICE-IN-WONDER

Process Information:
	Process ID:		0x1594
	Process Name:		C:\Windows\System32\svchost.exe"
Audit Success,04-06-2025 11:03:57,Microsoft-Windows-Security-Auditing,4798,User Account Management,"A user's local group membership was enumerated.

Subject:
	Security ID:		SYSTEM
	Account Name:		ALICE-IN-WONDER$
	Account Domain:		WORKGROUP
	Logon ID:		0x3E7

User:
	Security ID:		ALICE-IN-WONDER\Administrator
	Account Name:		Administrator
	Account Domain:		ALICE-IN-WONDER

Process Information:
	Process ID:		0x1594
	Process Name:		C:\Windows\System32\svchost.exe"
Audit Success,04-06-2025 11:03:57,Microsoft-Windows-Security-Auditing,4798,User Account Management,"A user's local group membership was enumerated.

Subject:
	Security ID:		SYSTEM
	Account Name:		ALICE-IN-WONDER$
	Account Domain:		WORKGROUP
	Logon ID:		0x3E7

User:
	Security ID:		ALICE-IN-WONDER\DELL
	Account Name:		DELL
	Account Domain:		ALICE-IN-WONDER

Process Information:
	Process ID:		0x1594
	Process Name:		C:\Windows\System32\svchost.exe"
Audit Success,04-06-2025 11:03:57,Microsoft-Windows-Security-Auditing,4798,User Account Management,"A user's local group membership was enumerated.

Subject:
	Security ID:		SYSTEM
	Account Name:		ALICE-IN-WONDER$
	Account Domain:		WORKGROUP
	Logon ID:		0x3E7

User:
	Security ID:		ALICE-IN-WONDER\DefaultAccount
	Account Name:		DefaultAccount
	Account Domain:		ALICE-IN-WONDER

Process Information:
	Process ID:		0x1594
	Process Name:		C:\Windows\System32\svchost.exe"
Audit Success,04-06-2025 11:03:57,Microsoft-Windows-Security-Auditing,4798,User Account Management,"A user's local group membership was enumerated.

Subject:
	Security ID:		SYSTEM
	Account Name:		ALICE-IN-WONDER$
	Account Domain:		WORKGROUP
	Logon ID:		0x3E7

User:
	Security ID:		ALICE-IN-WONDER\Administrator
	Account Name:		Administrator
	Account Domain:		ALICE-IN-WONDER

Process Information:
	Process ID:		0x1594
	Process Name:		C:\Windows\System32\svchost.exe"
Audit Success,04-06-2025 11:03:57,Microsoft-Windows-Security-Auditing,4798,User Account Management,"A user's local group membership was enumerated.

Subject:
	Security ID:		SYSTEM
	Account Name:		ALICE-IN-WONDER$
	Account Domain:		WORKGROUP
	Logon ID:		0x3E7

User:
	Security ID:		ALICE-IN-WONDER\DELL
	Account Name:		DELL
	Account Domain:		ALICE-IN-WONDER

Process Information:
	Process ID:		0x1594
	Process Name:		C:\Windows\System32\svchost.exe"
Audit Success,04-06-2025 11:03:57,Microsoft-Windows-Security-Auditing,4798,User Account Management,"A user's local group membership was enumerated.

Subject:
	Security ID:		SYSTEM
	Account Name:		ALICE-IN-WONDER$
	Account Domain:		WORKGROUP
	Logon ID:		0x3E7

User:
	Security ID:		ALICE-IN-WONDER\DefaultAccount
	Account Name:		DefaultAccount
	Account Domain:		ALICE-IN-WONDER

Process Information:
	Process ID:		0x1594
	Process Name:		C:\Windows\System32\svchost.exe"
Audit Success,04-06-2025 11:03:57,Microsoft-Windows-Security-Auditing,4798,User Account Management,"A user's local group membership was enumerated.

Subject:
	Security ID:		SYSTEM
	Account Name:		ALICE-IN-WONDER$
	Account Domain:		WORKGROUP
	Logon ID:		0x3E7

User:
	Security ID:		ALICE-IN-WONDER\Administrator
	Account Name:		Administrator
	Account Domain:		ALICE-IN-WONDER

Process Information:
	Process ID:		0x1594
	Process Name:		C:\Windows\System32\svchost.exe"
Audit Success,04-06-2025 11:03:51,Microsoft-Windows-Security-Auditing,4798,User Account Management,"A user's local group membership was enumerated.

Subject:
	Security ID:		SYSTEM
	Account Name:		ALICE-IN-WONDER$
	Account Domain:		WORKGROUP
	Logon ID:		0x3E7

User:
	Security ID:		ALICE-IN-WONDER\DELL
	Account Name:		DELL
	Account Domain:		ALICE-IN-WONDER

Process Information:
	Process ID:		0x1594
	Process Name:		C:\Windows\System32\svchost.exe"
Audit Success,04-06-2025 11:03:51,Microsoft-Windows-Security-Auditing,4798,User Account Management,"A user's local group membership was enumerated.

Subject:
	Security ID:		SYSTEM
	Account Name:		ALICE-IN-WONDER$
	Account Domain:		WORKGROUP
	Logon ID:		0x3E7

User:
	Security ID:		ALICE-IN-WONDER\DefaultAccount
	Account Name:		DefaultAccount
	Account Domain:		ALICE-IN-WONDER

Process Information:
	Process ID:		0x1594
	Process Name:		C:\Windows\System32\svchost.exe"
Audit Success,04-06-2025 11:03:51,Microsoft-Windows-Security-Auditing,4798,User Account Management,"A user's local group membership was enumerated.

Subject:
	Security ID:		SYSTEM
	Account Name:		ALICE-IN-WONDER$
	Account Domain:		WORKGROUP
	Logon ID:		0x3E7

User:
	Security ID:		ALICE-IN-WONDER\Administrator
	Account Name:		Administrator
	Account Domain:		ALICE-IN-WONDER

Process Information:
	Process ID:		0x1594
	Process Name:		C:\Windows\System32\svchost.exe"
Audit Success,04-06-2025 11:03:51,Microsoft-Windows-Security-Auditing,4798,User Account Management,"A user's local group membership was enumerated.

Subject:
	Security ID:		SYSTEM
	Account Name:		ALICE-IN-WONDER$
	Account Domain:		WORKGROUP
	Logon ID:		0x3E7

User:
	Security ID:		ALICE-IN-WONDER\DELL
	Account Name:		DELL
	Account Domain:		ALICE-IN-WONDER

Process Information:
	Process ID:		0x1594
	Process Name:		C:\Windows\System32\svchost.exe"
Audit Success,04-06-2025 11:03:51,Microsoft-Windows-Security-Auditing,4798,User Account Management,"A user's local group membership was enumerated.

Subject:
	Security ID:		SYSTEM
	Account Name:		ALICE-IN-WONDER$
	Account Domain:		WORKGROUP
	Logon ID:		0x3E7

User:
	Security ID:		ALICE-IN-WONDER\DefaultAccount
	Account Name:		DefaultAccount
	Account Domain:		ALICE-IN-WONDER

Process Information:
	Process ID:		0x1594
	Process Name:		C:\Windows\System32\svchost.exe"
Audit Success,04-06-2025 11:03:51,Microsoft-Windows-Security-Auditing,4798,User Account Management,"A user's local group membership was enumerated.

Subject:
	Security ID:		SYSTEM
	Account Name:		ALICE-IN-WONDER$
	Account Domain:		WORKGROUP
	Logon ID:		0x3E7

User:
	Security ID:		ALICE-IN-WONDER\Administrator
	Account Name:		Administrator
	Account Domain:		ALICE-IN-WONDER

Process Information:
	Process ID:		0x1594
	Process Name:		C:\Windows\System32\svchost.exe"
Audit Success,04-06-2025 11:03:43,Microsoft-Windows-Security-Auditing,4798,User Account Management,"A user's local group membership was enumerated.

Subject:
	Security ID:		SYSTEM
	Account Name:		ALICE-IN-WONDER$
	Account Domain:		WORKGROUP
	Logon ID:		0x3E7

User:
	Security ID:		ALICE-IN-WONDER\DELL
	Account Name:		DELL
	Account Domain:		ALICE-IN-WONDER

Process Information:
	Process ID:		0x1594
	Process Name:		C:\Windows\System32\svchost.exe"
Audit Success,04-06-2025 11:03:43,Microsoft-Windows-Security-Auditing,4798,User Account Management,"A user's local group membership was enumerated.

Subject:
	Security ID:		SYSTEM
	Account Name:		ALICE-IN-WONDER$
	Account Domain:		WORKGROUP
	Logon ID:		0x3E7

User:
	Security ID:		ALICE-IN-WONDER\DefaultAccount
	Account Name:		DefaultAccount
	Account Domain:		ALICE-IN-WONDER

Process Information:
	Process ID:		0x1594
	Process Name:		C:\Windows\System32\svchost.exe"
Audit Success,04-06-2025 11:03:43,Microsoft-Windows-Security-Auditing,4798,User Account Management,"A user's local group membership was enumerated.

Subject:
	Security ID:		SYSTEM
	Account Name:		ALICE-IN-WONDER$
	Account Domain:		WORKGROUP
	Logon ID:		0x3E7

User:
	Security ID:		ALICE-IN-WONDER\Administrator
	Account Name:		Administrator
	Account Domain:		ALICE-IN-WONDER

Process Information:
	Process ID:		0x1594
	Process Name:		C:\Windows\System32\svchost.exe"
Audit Success,04-06-2025 11:03:43,Microsoft-Windows-Security-Auditing,4798,User Account Management,"A user's local group membership was enumerated.

Subject:
	Security ID:		SYSTEM
	Account Name:		ALICE-IN-WONDER$
	Account Domain:		WORKGROUP
	Logon ID:		0x3E7

User:
	Security ID:		ALICE-IN-WONDER\DELL
	Account Name:		DELL
	Account Domain:		ALICE-IN-WONDER

Process Information:
	Process ID:		0x1594
	Process Name:		C:\Windows\System32\svchost.exe"
Audit Success,04-06-2025 11:03:43,Microsoft-Windows-Security-Auditing,4798,User Account Management,"A user's local group membership was enumerated.

Subject:
	Security ID:		SYSTEM
	Account Name:		ALICE-IN-WONDER$
	Account Domain:		WORKGROUP
	Logon ID:		0x3E7

User:
	Security ID:		ALICE-IN-WONDER\DefaultAccount
	Account Name:		DefaultAccount
	Account Domain:		ALICE-IN-WONDER

Process Information:
	Process ID:		0x1594
	Process Name:		C:\Windows\System32\svchost.exe"
Audit Success,04-06-2025 11:03:43,Microsoft-Windows-Security-Auditing,4798,User Account Management,"A user's local group membership was enumerated.

Subject:
	Security ID:		SYSTEM
	Account Name:		ALICE-IN-WONDER$
	Account Domain:		WORKGROUP
	Logon ID:		0x3E7

User:
	Security ID:		ALICE-IN-WONDER\Administrator
	Account Name:		Administrator
	Account Domain:		ALICE-IN-WONDER

Process Information:
	Process ID:		0x1594
	Process Name:		C:\Windows\System32\svchost.exe"
Audit Success,04-06-2025 11:03:41,Microsoft-Windows-Security-Auditing,4672,Special Logon,"Special privileges assigned to new logon.

Subject:
	Security ID:		SYSTEM
	Account Name:		SYSTEM
	Account Domain:		NT AUTHORITY
	Logon ID:		0x3E7

Privileges:		SeAssignPrimaryTokenPrivilege
			SeTcbPrivilege
			SeSecurityPrivilege
			SeTakeOwnershipPrivilege
			SeLoadDriverPrivilege
			SeBackupPrivilege
			SeRestorePrivilege
			SeDebugPrivilege
			SeAuditPrivilege
			SeSystemEnvironmentPrivilege
			SeImpersonatePrivilege
			SeDelegateSessionUserImpersonatePrivilege"
Audit Success,04-06-2025 11:03:41,Microsoft-Windows-Security-Auditing,4624,Logon,"An account was successfully logged on.

Subject:
	Security ID:		SYSTEM
	Account Name:		ALICE-IN-WONDER$
	Account Domain:		WORKGROUP
	Logon ID:		0x3E7

Logon Information:
	Logon Type:		5
	Restricted Admin Mode:	-
	Remote Credential Guard:	-
	Virtual Account:		No
	Elevated Token:		Yes

Impersonation Level:		Impersonation

New Logon:
	Security ID:		SYSTEM
	Account Name:		SYSTEM
	Account Domain:		NT AUTHORITY
	Logon ID:		0x3E7
	Linked Logon ID:		0x0
	Network Account Name:	-
	Network Account Domain:	-
	Logon GUID:		{00000000-0000-0000-0000-000000000000}

Process Information:
	Process ID:		0x408
	Process Name:		C:\Windows\System32\services.exe

Network Information:
	Workstation Name:	-
	Source Network Address:	-
	Source Port:		-

Detailed Authentication Information:
	Logon Process:		Advapi  
	Authentication Package:	Negotiate
	Transited Services:	-
	Package Name (NTLM only):	-
	Key Length:		0

This event is generated when a logon session is created. It is generated on the computer that was accessed.

The subject fields indicate the account on the local system which requested the logon. This is most commonly a service such as the Server service, or a local process such as Winlogon.exe or Services.exe.

The logon type field indicates the kind of logon that occurred. The most common types are 2 (interactive) and 3 (network).

The New Logon fields indicate the account for whom the new logon was created, i.e. the account that was logged on.

The network fields indicate where a remote logon request originated. Workstation name is not always available and may be left blank in some cases.

The impersonation level field indicates the extent to which a process in the logon session can impersonate.

The authentication information fields provide detailed information about this specific logon request.
	- Logon GUID is a unique identifier that can be used to correlate this event with a KDC event.
	- Transited services indicate which intermediate services have participated in this logon request.
	- Package name indicates which sub-protocol was used among the NTLM protocols.
	- Key length indicates the length of the generated session key. This will be 0 if no session key was requested."
Audit Success,04-06-2025 11:00:47,Microsoft-Windows-Security-Auditing,4798,User Account Management,"A user's local group membership was enumerated.

Subject:
	Security ID:		SYSTEM
	Account Name:		ALICE-IN-WONDER$
	Account Domain:		WORKGROUP
	Logon ID:		0x3E7

User:
	Security ID:		ALICE-IN-WONDER\DELL
	Account Name:		DELL
	Account Domain:		ALICE-IN-WONDER

Process Information:
	Process ID:		0x1594
	Process Name:		C:\Windows\System32\svchost.exe"
Audit Success,04-06-2025 11:00:47,Microsoft-Windows-Security-Auditing,4798,User Account Management,"A user's local group membership was enumerated.

Subject:
	Security ID:		SYSTEM
	Account Name:		ALICE-IN-WONDER$
	Account Domain:		WORKGROUP
	Logon ID:		0x3E7

User:
	Security ID:		ALICE-IN-WONDER\DefaultAccount
	Account Name:		DefaultAccount
	Account Domain:		ALICE-IN-WONDER

Process Information:
	Process ID:		0x1594
	Process Name:		C:\Windows\System32\svchost.exe"
Audit Success,04-06-2025 11:00:47,Microsoft-Windows-Security-Auditing,4798,User Account Management,"A user's local group membership was enumerated.

Subject:
	Security ID:		SYSTEM
	Account Name:		ALICE-IN-WONDER$
	Account Domain:		WORKGROUP
	Logon ID:		0x3E7

User:
	Security ID:		ALICE-IN-WONDER\Administrator
	Account Name:		Administrator
	Account Domain:		ALICE-IN-WONDER

Process Information:
	Process ID:		0x1594
	Process Name:		C:\Windows\System32\svchost.exe"
Audit Success,04-06-2025 11:00:47,Microsoft-Windows-Security-Auditing,4798,User Account Management,"A user's local group membership was enumerated.

Subject:
	Security ID:		SYSTEM
	Account Name:		ALICE-IN-WONDER$
	Account Domain:		WORKGROUP
	Logon ID:		0x3E7

User:
	Security ID:		ALICE-IN-WONDER\DELL
	Account Name:		DELL
	Account Domain:		ALICE-IN-WONDER

Process Information:
	Process ID:		0x1594
	Process Name:		C:\Windows\System32\svchost.exe"
Audit Success,04-06-2025 11:00:47,Microsoft-Windows-Security-Auditing,4798,User Account Management,"A user's local group membership was enumerated.

Subject:
	Security ID:		SYSTEM
	Account Name:		ALICE-IN-WONDER$
	Account Domain:		WORKGROUP
	Logon ID:		0x3E7

User:
	Security ID:		ALICE-IN-WONDER\DefaultAccount
	Account Name:		DefaultAccount
	Account Domain:		ALICE-IN-WONDER

Process Information:
	Process ID:		0x1594
	Process Name:		C:\Windows\System32\svchost.exe"
Audit Success,04-06-2025 11:00:47,Microsoft-Windows-Security-Auditing,4798,User Account Management,"A user's local group membership was enumerated.

Subject:
	Security ID:		SYSTEM
	Account Name:		ALICE-IN-WONDER$
	Account Domain:		WORKGROUP
	Logon ID:		0x3E7

User:
	Security ID:		ALICE-IN-WONDER\Administrator
	Account Name:		Administrator
	Account Domain:		ALICE-IN-WONDER

Process Information:
	Process ID:		0x1594
	Process Name:		C:\Windows\System32\svchost.exe"
Audit Success,04-06-2025 10:59:33,Microsoft-Windows-Security-Auditing,4672,Special Logon,"Special privileges assigned to new logon.

Subject:
	Security ID:		SYSTEM
	Account Name:		SYSTEM
	Account Domain:		NT AUTHORITY
	Logon ID:		0x3E7

Privileges:		SeAssignPrimaryTokenPrivilege
			SeTcbPrivilege
			SeSecurityPrivilege
			SeTakeOwnershipPrivilege
			SeLoadDriverPrivilege
			SeBackupPrivilege
			SeRestorePrivilege
			SeDebugPrivilege
			SeAuditPrivilege
			SeSystemEnvironmentPrivilege
			SeImpersonatePrivilege
			SeDelegateSessionUserImpersonatePrivilege"
Audit Success,04-06-2025 10:59:33,Microsoft-Windows-Security-Auditing,4624,Logon,"An account was successfully logged on.

Subject:
	Security ID:		SYSTEM
	Account Name:		ALICE-IN-WONDER$
	Account Domain:		WORKGROUP
	Logon ID:		0x3E7

Logon Information:
	Logon Type:		5
	Restricted Admin Mode:	-
	Remote Credential Guard:	-
	Virtual Account:		No
	Elevated Token:		Yes

Impersonation Level:		Impersonation

New Logon:
	Security ID:		SYSTEM
	Account Name:		SYSTEM
	Account Domain:		NT AUTHORITY
	Logon ID:		0x3E7
	Linked Logon ID:		0x0
	Network Account Name:	-
	Network Account Domain:	-
	Logon GUID:		{00000000-0000-0000-0000-000000000000}

Process Information:
	Process ID:		0x408
	Process Name:		C:\Windows\System32\services.exe

Network Information:
	Workstation Name:	-
	Source Network Address:	-
	Source Port:		-

Detailed Authentication Information:
	Logon Process:		Advapi  
	Authentication Package:	Negotiate
	Transited Services:	-
	Package Name (NTLM only):	-
	Key Length:		0

This event is generated when a logon session is created. It is generated on the computer that was accessed.

The subject fields indicate the account on the local system which requested the logon. This is most commonly a service such as the Server service, or a local process such as Winlogon.exe or Services.exe.

The logon type field indicates the kind of logon that occurred. The most common types are 2 (interactive) and 3 (network).

The New Logon fields indicate the account for whom the new logon was created, i.e. the account that was logged on.

The network fields indicate where a remote logon request originated. Workstation name is not always available and may be left blank in some cases.

The impersonation level field indicates the extent to which a process in the logon session can impersonate.

The authentication information fields provide detailed information about this specific logon request.
	- Logon GUID is a unique identifier that can be used to correlate this event with a KDC event.
	- Transited services indicate which intermediate services have participated in this logon request.
	- Package name indicates which sub-protocol was used among the NTLM protocols.
	- Key length indicates the length of the generated session key. This will be 0 if no session key was requested."
Audit Success,04-06-2025 10:58:44,Microsoft-Windows-Security-Auditing,4672,Special Logon,"Special privileges assigned to new logon.

Subject:
	Security ID:		SYSTEM
	Account Name:		SYSTEM
	Account Domain:		NT AUTHORITY
	Logon ID:		0x3E7

Privileges:		SeAssignPrimaryTokenPrivilege
			SeTcbPrivilege
			SeSecurityPrivilege
			SeTakeOwnershipPrivilege
			SeLoadDriverPrivilege
			SeBackupPrivilege
			SeRestorePrivilege
			SeDebugPrivilege
			SeAuditPrivilege
			SeSystemEnvironmentPrivilege
			SeImpersonatePrivilege
			SeDelegateSessionUserImpersonatePrivilege"
Audit Success,04-06-2025 10:58:44,Microsoft-Windows-Security-Auditing,4624,Logon,"An account was successfully logged on.

Subject:
	Security ID:		SYSTEM
	Account Name:		ALICE-IN-WONDER$
	Account Domain:		WORKGROUP
	Logon ID:		0x3E7

Logon Information:
	Logon Type:		5
	Restricted Admin Mode:	-
	Remote Credential Guard:	-
	Virtual Account:		No
	Elevated Token:		Yes

Impersonation Level:		Impersonation

New Logon:
	Security ID:		SYSTEM
	Account Name:		SYSTEM
	Account Domain:		NT AUTHORITY
	Logon ID:		0x3E7
	Linked Logon ID:		0x0
	Network Account Name:	-
	Network Account Domain:	-
	Logon GUID:		{00000000-0000-0000-0000-000000000000}

Process Information:
	Process ID:		0x408
	Process Name:		C:\Windows\System32\services.exe

Network Information:
	Workstation Name:	-
	Source Network Address:	-
	Source Port:		-

Detailed Authentication Information:
	Logon Process:		Advapi  
	Authentication Package:	Negotiate
	Transited Services:	-
	Package Name (NTLM only):	-
	Key Length:		0

This event is generated when a logon session is created. It is generated on the computer that was accessed.

The subject fields indicate the account on the local system which requested the logon. This is most commonly a service such as the Server service, or a local process such as Winlogon.exe or Services.exe.

The logon type field indicates the kind of logon that occurred. The most common types are 2 (interactive) and 3 (network).

The New Logon fields indicate the account for whom the new logon was created, i.e. the account that was logged on.

The network fields indicate where a remote logon request originated. Workstation name is not always available and may be left blank in some cases.

The impersonation level field indicates the extent to which a process in the logon session can impersonate.

The authentication information fields provide detailed information about this specific logon request.
	- Logon GUID is a unique identifier that can be used to correlate this event with a KDC event.
	- Transited services indicate which intermediate services have participated in this logon request.
	- Package name indicates which sub-protocol was used among the NTLM protocols.
	- Key length indicates the length of the generated session key. This will be 0 if no session key was requested."
Audit Success,04-06-2025 10:58:43,Microsoft-Windows-Security-Auditing,4672,Special Logon,"Special privileges assigned to new logon.

Subject:
	Security ID:		SYSTEM
	Account Name:		SYSTEM
	Account Domain:		NT AUTHORITY
	Logon ID:		0x3E7

Privileges:		SeAssignPrimaryTokenPrivilege
			SeTcbPrivilege
			SeSecurityPrivilege
			SeTakeOwnershipPrivilege
			SeLoadDriverPrivilege
			SeBackupPrivilege
			SeRestorePrivilege
			SeDebugPrivilege
			SeAuditPrivilege
			SeSystemEnvironmentPrivilege
			SeImpersonatePrivilege
			SeDelegateSessionUserImpersonatePrivilege"
Audit Success,04-06-2025 10:58:43,Microsoft-Windows-Security-Auditing,4624,Logon,"An account was successfully logged on.

Subject:
	Security ID:		SYSTEM
	Account Name:		ALICE-IN-WONDER$
	Account Domain:		WORKGROUP
	Logon ID:		0x3E7

Logon Information:
	Logon Type:		5
	Restricted Admin Mode:	-
	Remote Credential Guard:	-
	Virtual Account:		No
	Elevated Token:		Yes

Impersonation Level:		Impersonation

New Logon:
	Security ID:		SYSTEM
	Account Name:		SYSTEM
	Account Domain:		NT AUTHORITY
	Logon ID:		0x3E7
	Linked Logon ID:		0x0
	Network Account Name:	-
	Network Account Domain:	-
	Logon GUID:		{00000000-0000-0000-0000-000000000000}

Process Information:
	Process ID:		0x408
	Process Name:		C:\Windows\System32\services.exe

Network Information:
	Workstation Name:	-
	Source Network Address:	-
	Source Port:		-

Detailed Authentication Information:
	Logon Process:		Advapi  
	Authentication Package:	Negotiate
	Transited Services:	-
	Package Name (NTLM only):	-
	Key Length:		0

This event is generated when a logon session is created. It is generated on the computer that was accessed.

The subject fields indicate the account on the local system which requested the logon. This is most commonly a service such as the Server service, or a local process such as Winlogon.exe or Services.exe.

The logon type field indicates the kind of logon that occurred. The most common types are 2 (interactive) and 3 (network).

The New Logon fields indicate the account for whom the new logon was created, i.e. the account that was logged on.

The network fields indicate where a remote logon request originated. Workstation name is not always available and may be left blank in some cases.

The impersonation level field indicates the extent to which a process in the logon session can impersonate.

The authentication information fields provide detailed information about this specific logon request.
	- Logon GUID is a unique identifier that can be used to correlate this event with a KDC event.
	- Transited services indicate which intermediate services have participated in this logon request.
	- Package name indicates which sub-protocol was used among the NTLM protocols.
	- Key length indicates the length of the generated session key. This will be 0 if no session key was requested."
Audit Success,04-06-2025 10:58:42,Microsoft-Windows-Security-Auditing,4672,Special Logon,"Special privileges assigned to new logon.

Subject:
	Security ID:		SYSTEM
	Account Name:		SYSTEM
	Account Domain:		NT AUTHORITY
	Logon ID:		0x3E7

Privileges:		SeAssignPrimaryTokenPrivilege
			SeTcbPrivilege
			SeSecurityPrivilege
			SeTakeOwnershipPrivilege
			SeLoadDriverPrivilege
			SeBackupPrivilege
			SeRestorePrivilege
			SeDebugPrivilege
			SeAuditPrivilege
			SeSystemEnvironmentPrivilege
			SeImpersonatePrivilege
			SeDelegateSessionUserImpersonatePrivilege"
Audit Success,04-06-2025 10:58:42,Microsoft-Windows-Security-Auditing,4624,Logon,"An account was successfully logged on.

Subject:
	Security ID:		SYSTEM
	Account Name:		ALICE-IN-WONDER$
	Account Domain:		WORKGROUP
	Logon ID:		0x3E7

Logon Information:
	Logon Type:		5
	Restricted Admin Mode:	-
	Remote Credential Guard:	-
	Virtual Account:		No
	Elevated Token:		Yes

Impersonation Level:		Impersonation

New Logon:
	Security ID:		SYSTEM
	Account Name:		SYSTEM
	Account Domain:		NT AUTHORITY
	Logon ID:		0x3E7
	Linked Logon ID:		0x0
	Network Account Name:	-
	Network Account Domain:	-
	Logon GUID:		{00000000-0000-0000-0000-000000000000}

Process Information:
	Process ID:		0x408
	Process Name:		C:\Windows\System32\services.exe

Network Information:
	Workstation Name:	-
	Source Network Address:	-
	Source Port:		-

Detailed Authentication Information:
	Logon Process:		Advapi  
	Authentication Package:	Negotiate
	Transited Services:	-
	Package Name (NTLM only):	-
	Key Length:		0

This event is generated when a logon session is created. It is generated on the computer that was accessed.

The subject fields indicate the account on the local system which requested the logon. This is most commonly a service such as the Server service, or a local process such as Winlogon.exe or Services.exe.

The logon type field indicates the kind of logon that occurred. The most common types are 2 (interactive) and 3 (network).

The New Logon fields indicate the account for whom the new logon was created, i.e. the account that was logged on.

The network fields indicate where a remote logon request originated. Workstation name is not always available and may be left blank in some cases.

The impersonation level field indicates the extent to which a process in the logon session can impersonate.

The authentication information fields provide detailed information about this specific logon request.
	- Logon GUID is a unique identifier that can be used to correlate this event with a KDC event.
	- Transited services indicate which intermediate services have participated in this logon request.
	- Package name indicates which sub-protocol was used among the NTLM protocols.
	- Key length indicates the length of the generated session key. This will be 0 if no session key was requested."
Audit Success,04-06-2025 10:58:40,Microsoft-Windows-Security-Auditing,4798,User Account Management,"A user's local group membership was enumerated.

Subject:
	Security ID:		SYSTEM
	Account Name:		ALICE-IN-WONDER$
	Account Domain:		WORKGROUP
	Logon ID:		0x3E7

User:
	Security ID:		ALICE-IN-WONDER\DELL
	Account Name:		DELL
	Account Domain:		ALICE-IN-WONDER

Process Information:
	Process ID:		0x1594
	Process Name:		C:\Windows\System32\svchost.exe"
Audit Success,04-06-2025 10:58:40,Microsoft-Windows-Security-Auditing,4798,User Account Management,"A user's local group membership was enumerated.

Subject:
	Security ID:		SYSTEM
	Account Name:		ALICE-IN-WONDER$
	Account Domain:		WORKGROUP
	Logon ID:		0x3E7

User:
	Security ID:		ALICE-IN-WONDER\DefaultAccount
	Account Name:		DefaultAccount
	Account Domain:		ALICE-IN-WONDER

Process Information:
	Process ID:		0x1594
	Process Name:		C:\Windows\System32\svchost.exe"
Audit Success,04-06-2025 10:58:40,Microsoft-Windows-Security-Auditing,4798,User Account Management,"A user's local group membership was enumerated.

Subject:
	Security ID:		SYSTEM
	Account Name:		ALICE-IN-WONDER$
	Account Domain:		WORKGROUP
	Logon ID:		0x3E7

User:
	Security ID:		ALICE-IN-WONDER\Administrator
	Account Name:		Administrator
	Account Domain:		ALICE-IN-WONDER

Process Information:
	Process ID:		0x1594
	Process Name:		C:\Windows\System32\svchost.exe"
Audit Success,04-06-2025 10:58:40,Microsoft-Windows-Security-Auditing,4798,User Account Management,"A user's local group membership was enumerated.

Subject:
	Security ID:		SYSTEM
	Account Name:		ALICE-IN-WONDER$
	Account Domain:		WORKGROUP
	Logon ID:		0x3E7

User:
	Security ID:		ALICE-IN-WONDER\DELL
	Account Name:		DELL
	Account Domain:		ALICE-IN-WONDER

Process Information:
	Process ID:		0x1594
	Process Name:		C:\Windows\System32\svchost.exe"
Audit Success,04-06-2025 10:58:40,Microsoft-Windows-Security-Auditing,4798,User Account Management,"A user's local group membership was enumerated.

Subject:
	Security ID:		SYSTEM
	Account Name:		ALICE-IN-WONDER$
	Account Domain:		WORKGROUP
	Logon ID:		0x3E7

User:
	Security ID:		ALICE-IN-WONDER\DefaultAccount
	Account Name:		DefaultAccount
	Account Domain:		ALICE-IN-WONDER

Process Information:
	Process ID:		0x1594
	Process Name:		C:\Windows\System32\svchost.exe"
Audit Success,04-06-2025 10:58:40,Microsoft-Windows-Security-Auditing,4798,User Account Management,"A user's local group membership was enumerated.

Subject:
	Security ID:		SYSTEM
	Account Name:		ALICE-IN-WONDER$
	Account Domain:		WORKGROUP
	Logon ID:		0x3E7

User:
	Security ID:		ALICE-IN-WONDER\Administrator
	Account Name:		Administrator
	Account Domain:		ALICE-IN-WONDER

Process Information:
	Process ID:		0x1594
	Process Name:		C:\Windows\System32\svchost.exe"
Audit Success,04-06-2025 10:58:39,Microsoft-Windows-Security-Auditing,4672,Special Logon,"Special privileges assigned to new logon.

Subject:
	Security ID:		SYSTEM
	Account Name:		SYSTEM
	Account Domain:		NT AUTHORITY
	Logon ID:		0x3E7

Privileges:		SeAssignPrimaryTokenPrivilege
			SeTcbPrivilege
			SeSecurityPrivilege
			SeTakeOwnershipPrivilege
			SeLoadDriverPrivilege
			SeBackupPrivilege
			SeRestorePrivilege
			SeDebugPrivilege
			SeAuditPrivilege
			SeSystemEnvironmentPrivilege
			SeImpersonatePrivilege
			SeDelegateSessionUserImpersonatePrivilege"
Audit Success,04-06-2025 10:58:39,Microsoft-Windows-Security-Auditing,4624,Logon,"An account was successfully logged on.

Subject:
	Security ID:		SYSTEM
	Account Name:		ALICE-IN-WONDER$
	Account Domain:		WORKGROUP
	Logon ID:		0x3E7

Logon Information:
	Logon Type:		5
	Restricted Admin Mode:	-
	Remote Credential Guard:	-
	Virtual Account:		No
	Elevated Token:		Yes

Impersonation Level:		Impersonation

New Logon:
	Security ID:		SYSTEM
	Account Name:		SYSTEM
	Account Domain:		NT AUTHORITY
	Logon ID:		0x3E7
	Linked Logon ID:		0x0
	Network Account Name:	-
	Network Account Domain:	-
	Logon GUID:		{00000000-0000-0000-0000-000000000000}

Process Information:
	Process ID:		0x408
	Process Name:		C:\Windows\System32\services.exe

Network Information:
	Workstation Name:	-
	Source Network Address:	-
	Source Port:		-

Detailed Authentication Information:
	Logon Process:		Advapi  
	Authentication Package:	Negotiate
	Transited Services:	-
	Package Name (NTLM only):	-
	Key Length:		0

This event is generated when a logon session is created. It is generated on the computer that was accessed.

The subject fields indicate the account on the local system which requested the logon. This is most commonly a service such as the Server service, or a local process such as Winlogon.exe or Services.exe.

The logon type field indicates the kind of logon that occurred. The most common types are 2 (interactive) and 3 (network).

The New Logon fields indicate the account for whom the new logon was created, i.e. the account that was logged on.

The network fields indicate where a remote logon request originated. Workstation name is not always available and may be left blank in some cases.

The impersonation level field indicates the extent to which a process in the logon session can impersonate.

The authentication information fields provide detailed information about this specific logon request.
	- Logon GUID is a unique identifier that can be used to correlate this event with a KDC event.
	- Transited services indicate which intermediate services have participated in this logon request.
	- Package name indicates which sub-protocol was used among the NTLM protocols.
	- Key length indicates the length of the generated session key. This will be 0 if no session key was requested."
Audit Success,04-06-2025 10:58:12,Microsoft-Windows-Security-Auditing,5059,Other System Events,"Key migration operation.

Subject:
	Security ID:		SYSTEM
	Account Name:		ALICE-IN-WONDER$
	Account Domain:		WORKGROUP
	Logon ID:		0x3E7

Process Information:
	Process ID:		25596
	Process Creation Time:	‎2025‎-‎06‎-‎04T05:28:11.114146100Z

Cryptographic Parameters:
	Provider Name:	Microsoft Software Key Storage Provider
	Algorithm Name:	ECDH_P256
	Key Name:	BCM Host ECDH KEY
	Key Type:	User key.

Additional Information:
	Operation:	Export of persistent cryptographic key.
	Return Code:	0x0"
Audit Success,04-06-2025 10:58:12,Microsoft-Windows-Security-Auditing,5061,System Integrity,"Cryptographic operation.

Subject:
	Security ID:		SYSTEM
	Account Name:		ALICE-IN-WONDER$
	Account Domain:		WORKGROUP
	Logon ID:		0x3E7

Cryptographic Parameters:
	Provider Name:	Microsoft Software Key Storage Provider
	Algorithm Name:	ECDH_P256
	Key Name:	BCM Host ECDH KEY
	Key Type:	User key.

Cryptographic Operation:
	Operation:	Open Key.
	Return Code:	0x0"
Audit Success,04-06-2025 10:58:12,Microsoft-Windows-Security-Auditing,5058,Other System Events,"Key file operation.

Subject:
	Security ID:		SYSTEM
	Account Name:		ALICE-IN-WONDER$
	Account Domain:		WORKGROUP
	Logon ID:		0x3E7

Process Information:
	Process ID:		25596
	Process Creation Time:	‎2025‎-‎06‎-‎04T05:28:11.114146100Z

Cryptographic Parameters:
	Provider Name:	Microsoft Software Key Storage Provider
	Algorithm Name:	UNKNOWN
	Key Name:	BCM Host ECDH KEY
	Key Type:	User key.

Key File Operation Information:
	File Path:	C:\ProgramData\Microsoft\Crypto\SystemKeys\02396a98ffad5e806f4844a7410a73cd_77ea3534-aff9-4118-913a-426f47a54256
	Operation:	Read persisted key from file.
	Return Code:	0x0"
Audit Success,04-06-2025 10:58:12,Microsoft-Windows-Security-Auditing,5059,Other System Events,"Key migration operation.

Subject:
	Security ID:		SYSTEM
	Account Name:		ALICE-IN-WONDER$
	Account Domain:		WORKGROUP
	Logon ID:		0x3E7

Process Information:
	Process ID:		25596
	Process Creation Time:	‎2025‎-‎06‎-‎04T05:28:11.114146100Z

Cryptographic Parameters:
	Provider Name:	Microsoft Software Key Storage Provider
	Algorithm Name:	ECDH_P256
	Key Name:	BCM Host ECDH KEY
	Key Type:	User key.

Additional Information:
	Operation:	Export of persistent cryptographic key.
	Return Code:	0x0"
Audit Success,04-06-2025 10:58:12,Microsoft-Windows-Security-Auditing,5061,System Integrity,"Cryptographic operation.

Subject:
	Security ID:		SYSTEM
	Account Name:		ALICE-IN-WONDER$
	Account Domain:		WORKGROUP
	Logon ID:		0x3E7

Cryptographic Parameters:
	Provider Name:	Microsoft Software Key Storage Provider
	Algorithm Name:	ECDH_P256
	Key Name:	BCM Host ECDH KEY
	Key Type:	User key.

Cryptographic Operation:
	Operation:	Open Key.
	Return Code:	0x0"
Audit Success,04-06-2025 10:58:12,Microsoft-Windows-Security-Auditing,5058,Other System Events,"Key file operation.

Subject:
	Security ID:		SYSTEM
	Account Name:		ALICE-IN-WONDER$
	Account Domain:		WORKGROUP
	Logon ID:		0x3E7

Process Information:
	Process ID:		25596
	Process Creation Time:	‎2025‎-‎06‎-‎04T05:28:11.114146100Z

Cryptographic Parameters:
	Provider Name:	Microsoft Software Key Storage Provider
	Algorithm Name:	UNKNOWN
	Key Name:	BCM Host ECDH KEY
	Key Type:	User key.

Key File Operation Information:
	File Path:	C:\ProgramData\Microsoft\Crypto\SystemKeys\02396a98ffad5e806f4844a7410a73cd_77ea3534-aff9-4118-913a-426f47a54256
	Operation:	Read persisted key from file.
	Return Code:	0x0"
Audit Success,04-06-2025 10:58:11,Microsoft-Windows-Security-Auditing,4672,Special Logon,"Special privileges assigned to new logon.

Subject:
	Security ID:		SYSTEM
	Account Name:		SYSTEM
	Account Domain:		NT AUTHORITY
	Logon ID:		0x3E7

Privileges:		SeAssignPrimaryTokenPrivilege
			SeTcbPrivilege
			SeSecurityPrivilege
			SeTakeOwnershipPrivilege
			SeLoadDriverPrivilege
			SeBackupPrivilege
			SeRestorePrivilege
			SeDebugPrivilege
			SeAuditPrivilege
			SeSystemEnvironmentPrivilege
			SeImpersonatePrivilege
			SeDelegateSessionUserImpersonatePrivilege"
Audit Success,04-06-2025 10:58:11,Microsoft-Windows-Security-Auditing,4624,Logon,"An account was successfully logged on.

Subject:
	Security ID:		SYSTEM
	Account Name:		ALICE-IN-WONDER$
	Account Domain:		WORKGROUP
	Logon ID:		0x3E7

Logon Information:
	Logon Type:		5
	Restricted Admin Mode:	-
	Remote Credential Guard:	-
	Virtual Account:		No
	Elevated Token:		Yes

Impersonation Level:		Impersonation

New Logon:
	Security ID:		SYSTEM
	Account Name:		SYSTEM
	Account Domain:		NT AUTHORITY
	Logon ID:		0x3E7
	Linked Logon ID:		0x0
	Network Account Name:	-
	Network Account Domain:	-
	Logon GUID:		{00000000-0000-0000-0000-000000000000}

Process Information:
	Process ID:		0x408
	Process Name:		C:\Windows\System32\services.exe

Network Information:
	Workstation Name:	-
	Source Network Address:	-
	Source Port:		-

Detailed Authentication Information:
	Logon Process:		Advapi  
	Authentication Package:	Negotiate
	Transited Services:	-
	Package Name (NTLM only):	-
	Key Length:		0

This event is generated when a logon session is created. It is generated on the computer that was accessed.

The subject fields indicate the account on the local system which requested the logon. This is most commonly a service such as the Server service, or a local process such as Winlogon.exe or Services.exe.

The logon type field indicates the kind of logon that occurred. The most common types are 2 (interactive) and 3 (network).

The New Logon fields indicate the account for whom the new logon was created, i.e. the account that was logged on.

The network fields indicate where a remote logon request originated. Workstation name is not always available and may be left blank in some cases.

The impersonation level field indicates the extent to which a process in the logon session can impersonate.

The authentication information fields provide detailed information about this specific logon request.
	- Logon GUID is a unique identifier that can be used to correlate this event with a KDC event.
	- Transited services indicate which intermediate services have participated in this logon request.
	- Package name indicates which sub-protocol was used among the NTLM protocols.
	- Key length indicates the length of the generated session key. This will be 0 if no session key was requested."
Audit Success,04-06-2025 10:58:11,Microsoft-Windows-Security-Auditing,4798,User Account Management,"A user's local group membership was enumerated.

Subject:
	Security ID:		SYSTEM
	Account Name:		ALICE-IN-WONDER$
	Account Domain:		WORKGROUP
	Logon ID:		0x3E7

User:
	Security ID:		ALICE-IN-WONDER\DELL
	Account Name:		DELL
	Account Domain:		ALICE-IN-WONDER

Process Information:
	Process ID:		0x24ac
	Process Name:		C:\Windows\System32\LogonUI.exe"
Audit Success,04-06-2025 10:58:10,Microsoft-Windows-Security-Auditing,4798,User Account Management,"A user's local group membership was enumerated.

Subject:
	Security ID:		SYSTEM
	Account Name:		ALICE-IN-WONDER$
	Account Domain:		WORKGROUP
	Logon ID:		0x3E7

User:
	Security ID:		ALICE-IN-WONDER\DELL
	Account Name:		DELL
	Account Domain:		ALICE-IN-WONDER

Process Information:
	Process ID:		0x1594
	Process Name:		C:\Windows\System32\svchost.exe"
Audit Success,04-06-2025 10:58:10,Microsoft-Windows-Security-Auditing,4798,User Account Management,"A user's local group membership was enumerated.

Subject:
	Security ID:		SYSTEM
	Account Name:		ALICE-IN-WONDER$
	Account Domain:		WORKGROUP
	Logon ID:		0x3E7

User:
	Security ID:		ALICE-IN-WONDER\DefaultAccount
	Account Name:		DefaultAccount
	Account Domain:		ALICE-IN-WONDER

Process Information:
	Process ID:		0x1594
	Process Name:		C:\Windows\System32\svchost.exe"
Audit Success,04-06-2025 10:58:10,Microsoft-Windows-Security-Auditing,4798,User Account Management,"A user's local group membership was enumerated.

Subject:
	Security ID:		SYSTEM
	Account Name:		ALICE-IN-WONDER$
	Account Domain:		WORKGROUP
	Logon ID:		0x3E7

User:
	Security ID:		ALICE-IN-WONDER\Administrator
	Account Name:		Administrator
	Account Domain:		ALICE-IN-WONDER

Process Information:
	Process ID:		0x1594
	Process Name:		C:\Windows\System32\svchost.exe"
Audit Success,04-06-2025 10:58:10,Microsoft-Windows-Security-Auditing,4798,User Account Management,"A user's local group membership was enumerated.

Subject:
	Security ID:		SYSTEM
	Account Name:		ALICE-IN-WONDER$
	Account Domain:		WORKGROUP
	Logon ID:		0x3E7

User:
	Security ID:		ALICE-IN-WONDER\DELL
	Account Name:		DELL
	Account Domain:		ALICE-IN-WONDER

Process Information:
	Process ID:		0x1594
	Process Name:		C:\Windows\System32\svchost.exe"
Audit Success,04-06-2025 10:58:10,Microsoft-Windows-Security-Auditing,4798,User Account Management,"A user's local group membership was enumerated.

Subject:
	Security ID:		SYSTEM
	Account Name:		ALICE-IN-WONDER$
	Account Domain:		WORKGROUP
	Logon ID:		0x3E7

User:
	Security ID:		ALICE-IN-WONDER\DefaultAccount
	Account Name:		DefaultAccount
	Account Domain:		ALICE-IN-WONDER

Process Information:
	Process ID:		0x1594
	Process Name:		C:\Windows\System32\svchost.exe"
Audit Success,04-06-2025 10:58:10,Microsoft-Windows-Security-Auditing,4798,User Account Management,"A user's local group membership was enumerated.

Subject:
	Security ID:		SYSTEM
	Account Name:		ALICE-IN-WONDER$
	Account Domain:		WORKGROUP
	Logon ID:		0x3E7

User:
	Security ID:		ALICE-IN-WONDER\Administrator
	Account Name:		Administrator
	Account Domain:		ALICE-IN-WONDER

Process Information:
	Process ID:		0x1594
	Process Name:		C:\Windows\System32\svchost.exe"
Audit Success,04-06-2025 10:58:10,Microsoft-Windows-Security-Auditing,4798,User Account Management,"A user's local group membership was enumerated.

Subject:
	Security ID:		SYSTEM
	Account Name:		ALICE-IN-WONDER$
	Account Domain:		WORKGROUP
	Logon ID:		0x3E7

User:
	Security ID:		ALICE-IN-WONDER\DELL
	Account Name:		DELL
	Account Domain:		ALICE-IN-WONDER

Process Information:
	Process ID:		0x1594
	Process Name:		C:\Windows\System32\svchost.exe"
Audit Success,04-06-2025 10:58:10,Microsoft-Windows-Security-Auditing,4798,User Account Management,"A user's local group membership was enumerated.

Subject:
	Security ID:		SYSTEM
	Account Name:		ALICE-IN-WONDER$
	Account Domain:		WORKGROUP
	Logon ID:		0x3E7

User:
	Security ID:		ALICE-IN-WONDER\DefaultAccount
	Account Name:		DefaultAccount
	Account Domain:		ALICE-IN-WONDER

Process Information:
	Process ID:		0x1594
	Process Name:		C:\Windows\System32\svchost.exe"
Audit Success,04-06-2025 10:58:10,Microsoft-Windows-Security-Auditing,4798,User Account Management,"A user's local group membership was enumerated.

Subject:
	Security ID:		SYSTEM
	Account Name:		ALICE-IN-WONDER$
	Account Domain:		WORKGROUP
	Logon ID:		0x3E7

User:
	Security ID:		ALICE-IN-WONDER\Administrator
	Account Name:		Administrator
	Account Domain:		ALICE-IN-WONDER

Process Information:
	Process ID:		0x1594
	Process Name:		C:\Windows\System32\svchost.exe"
