Audit Success,04-06-2025 10:08:00,Microsoft-Windows-Security-Auditing,4798,User Account Management,"A user's local group membership was enumerated.

Subject:
	Security ID:		SYSTEM
	Account Name:		ALICE-IN-WONDER$
	Account Domain:		WORKGROUP
	Logon ID:		0x3E7

User:
	Security ID:		ALICE-IN-WONDER\Administrator
	Account Name:		Administrator
	Account Domain:		ALICE-IN-WONDER

Process Information:
	Process ID:		0x1594
	Process Name:		C:\Windows\System32\svchost.exe"
Audit Success,04-06-2025 00:40:14,Microsoft-Windows-Security-Auditing,4634,Logoff,"An account was logged off.

Subject:
	Security ID:		Window Manager\DWM-1
	Account Name:		DWM-1
	Account Domain:		Window Manager
	Logon ID:		0x22264

Logon Type:			2

This event is generated when a logon session is destroyed. It may be positively correlated with a logon event using the Logon ID value. Logon IDs are only unique between reboots on the same computer."
Audit Success,04-06-2025 00:40:14,Microsoft-Windows-Security-Auditing,4634,Logoff,"An account was logged off.

Subject:
	Security ID:		Window Manager\DWM-1
	Account Name:		DWM-1
	Account Domain:		Window Manager
	Logon ID:		0x222E1

Logon Type:			2

This event is generated when a logon session is destroyed. It may be positively correlated with a logon event using the Logon ID value. Logon IDs are only unique between reboots on the same computer."
Audit Success,04-06-2025 00:40:12,Microsoft-Windows-Security-Auditing,4672,Special Logon,"Special privileges assigned to new logon.

Subject:
	Security ID:		SYSTEM
	Account Name:		SYSTEM
	Account Domain:		NT AUTHORITY
	Logon ID:		0x3E7

Privileges:		SeAssignPrimaryTokenPrivilege
			SeTcbPrivilege
			SeSecurityPrivilege
			SeTakeOwnershipPrivilege
			SeLoadDriverPrivilege
			SeBackupPrivilege
			SeRestorePrivilege
			SeDebugPrivilege
			SeAuditPrivilege
			SeSystemEnvironmentPrivilege
			SeImpersonatePrivilege
			SeDelegateSessionUserImpersonatePrivilege"
Audit Success,04-06-2025 00:40:12,Microsoft-Windows-Security-Auditing,4624,Logon,"An account was successfully logged on.

Subject:
	Security ID:		SYSTEM
	Account Name:		ALICE-IN-WONDER$
	Account Domain:		WORKGROUP
	Logon ID:		0x3E7

Logon Information:
	Logon Type:		5
	Restricted Admin Mode:	-
	Remote Credential Guard:	-
	Virtual Account:		No
	Elevated Token:		Yes

Impersonation Level:		Impersonation

New Logon:
	Security ID:		SYSTEM
	Account Name:		SYSTEM
	Account Domain:		NT AUTHORITY
	Logon ID:		0x3E7
	Linked Logon ID:		0x0
	Network Account Name:	-
	Network Account Domain:	-
	Logon GUID:		{00000000-0000-0000-0000-000000000000}

Process Information:
	Process ID:		0x408
	Process Name:		C:\Windows\System32\services.exe

Network Information:
	Workstation Name:	-
	Source Network Address:	-
	Source Port:		-

Detailed Authentication Information:
	Logon Process:		Advapi  
	Authentication Package:	Negotiate
	Transited Services:	-
	Package Name (NTLM only):	-
	Key Length:		0

This event is generated when a logon session is created. It is generated on the computer that was accessed.

The subject fields indicate the account on the local system which requested the logon. This is most commonly a service such as the Server service, or a local process such as Winlogon.exe or Services.exe.

The logon type field indicates the kind of logon that occurred. The most common types are 2 (interactive) and 3 (network).

The New Logon fields indicate the account for whom the new logon was created, i.e. the account that was logged on.

The network fields indicate where a remote logon request originated. Workstation name is not always available and may be left blank in some cases.

The impersonation level field indicates the extent to which a process in the logon session can impersonate.

The authentication information fields provide detailed information about this specific logon request.
	- Logon GUID is a unique identifier that can be used to correlate this event with a KDC event.
	- Transited services indicate which intermediate services have participated in this logon request.
	- Package name indicates which sub-protocol was used among the NTLM protocols.
	- Key length indicates the length of the generated session key. This will be 0 if no session key was requested."
Audit Success,04-06-2025 00:40:12,Microsoft-Windows-Security-Auditing,4634,Logoff,"An account was logged off.

Subject:
	Security ID:		Font Driver Host\UMFD-1
	Account Name:		UMFD-1
	Account Domain:		Font Driver Host
	Logon ID:		0x203E2

Logon Type:			2

This event is generated when a logon session is destroyed. It may be positively correlated with a logon event using the Logon ID value. Logon IDs are only unique between reboots on the same computer."
Audit Success,04-06-2025 00:40:11,Microsoft-Windows-Security-Auditing,4798,User Account Management,"A user's local group membership was enumerated.

Subject:
	Security ID:		SYSTEM
	Account Name:		ALICE-IN-WONDER$
	Account Domain:		WORKGROUP
	Logon ID:		0x3E7

User:
	Security ID:		ALICE-IN-WONDER\DELL
	Account Name:		DELL
	Account Domain:		ALICE-IN-WONDER

Process Information:
	Process ID:		0x1594
	Process Name:		C:\Windows\System32\svchost.exe"
Audit Success,04-06-2025 00:40:11,Microsoft-Windows-Security-Auditing,4798,User Account Management,"A user's local group membership was enumerated.

Subject:
	Security ID:		SYSTEM
	Account Name:		ALICE-IN-WONDER$
	Account Domain:		WORKGROUP
	Logon ID:		0x3E7

User:
	Security ID:		ALICE-IN-WONDER\DefaultAccount
	Account Name:		DefaultAccount
	Account Domain:		ALICE-IN-WONDER

Process Information:
	Process ID:		0x1594
	Process Name:		C:\Windows\System32\svchost.exe"
Audit Success,04-06-2025 00:40:11,Microsoft-Windows-Security-Auditing,4798,User Account Management,"A user's local group membership was enumerated.

Subject:
	Security ID:		SYSTEM
	Account Name:		ALICE-IN-WONDER$
	Account Domain:		WORKGROUP
	Logon ID:		0x3E7

User:
	Security ID:		ALICE-IN-WONDER\Administrator
	Account Name:		Administrator
	Account Domain:		ALICE-IN-WONDER

Process Information:
	Process ID:		0x1594
	Process Name:		C:\Windows\System32\svchost.exe"
Audit Success,04-06-2025 00:40:11,Microsoft-Windows-Security-Auditing,4798,User Account Management,"A user's local group membership was enumerated.

Subject:
	Security ID:		SYSTEM
	Account Name:		ALICE-IN-WONDER$
	Account Domain:		WORKGROUP
	Logon ID:		0x3E7

User:
	Security ID:		ALICE-IN-WONDER\DELL
	Account Name:		DELL
	Account Domain:		ALICE-IN-WONDER

Process Information:
	Process ID:		0x1594
	Process Name:		C:\Windows\System32\svchost.exe"
Audit Success,04-06-2025 00:40:11,Microsoft-Windows-Security-Auditing,4798,User Account Management,"A user's local group membership was enumerated.

Subject:
	Security ID:		SYSTEM
	Account Name:		ALICE-IN-WONDER$
	Account Domain:		WORKGROUP
	Logon ID:		0x3E7

User:
	Security ID:		ALICE-IN-WONDER\DefaultAccount
	Account Name:		DefaultAccount
	Account Domain:		ALICE-IN-WONDER

Process Information:
	Process ID:		0x1594
	Process Name:		C:\Windows\System32\svchost.exe"
Audit Success,04-06-2025 00:40:11,Microsoft-Windows-Security-Auditing,4798,User Account Management,"A user's local group membership was enumerated.

Subject:
	Security ID:		SYSTEM
	Account Name:		ALICE-IN-WONDER$
	Account Domain:		WORKGROUP
	Logon ID:		0x3E7

User:
	Security ID:		ALICE-IN-WONDER\Administrator
	Account Name:		Administrator
	Account Domain:		ALICE-IN-WONDER

Process Information:
	Process ID:		0x1594
	Process Name:		C:\Windows\System32\svchost.exe"
Audit Success,04-06-2025 00:40:11,Microsoft-Windows-Security-Auditing,4647,Logoff,"User initiated logoff:

Subject:
	Security ID:		ALICE-IN-WONDER\DELL
	Account Name:		DELL
	Account Domain:		ALICE-IN-WONDER
	Logon ID:		0x49963

This event is generated when a logoff is initiated. No further user-initiated activity can occur. This event can be interpreted as a logoff event."
Audit Success,04-06-2025 00:40:05,Microsoft-Windows-Security-Auditing,5379,User Account Management,"Credential Manager credentials were read.

Subject:
	Security ID:		ALICE-IN-WONDER\DELL
	Account Name:		DELL
	Account Domain:		ALICE-IN-WONDER
	Logon ID:		0x49963
	Read Operation:		Enumerate Credentials

This event occurs when a user performs a read operation on stored credentials in Credential Manager."
Audit Success,04-06-2025 00:40:05,Microsoft-Windows-Security-Auditing,5379,User Account Management,"Credential Manager credentials were read.

Subject:
	Security ID:		ALICE-IN-WONDER\DELL
	Account Name:		DELL
	Account Domain:		ALICE-IN-WONDER
	Logon ID:		0x49963
	Read Operation:		Enumerate Credentials

This event occurs when a user performs a read operation on stored credentials in Credential Manager."
Audit Success,04-06-2025 00:40:05,Microsoft-Windows-Security-Auditing,5379,User Account Management,"Credential Manager credentials were read.

Subject:
	Security ID:		ALICE-IN-WONDER\DELL
	Account Name:		DELL
	Account Domain:		ALICE-IN-WONDER
	Logon ID:		0x49963
	Read Operation:		Enumerate Credentials

This event occurs when a user performs a read operation on stored credentials in Credential Manager."
Audit Success,04-06-2025 00:40:05,Microsoft-Windows-Security-Auditing,5379,User Account Management,"Credential Manager credentials were read.

Subject:
	Security ID:		ALICE-IN-WONDER\DELL
	Account Name:		DELL
	Account Domain:		ALICE-IN-WONDER
	Logon ID:		0x49963
	Read Operation:		Enumerate Credentials

This event occurs when a user performs a read operation on stored credentials in Credential Manager."
Audit Success,04-06-2025 00:40:05,Microsoft-Windows-Security-Auditing,5379,User Account Management,"Credential Manager credentials were read.

Subject:
	Security ID:		ALICE-IN-WONDER\DELL
	Account Name:		DELL
	Account Domain:		ALICE-IN-WONDER
	Logon ID:		0x49963
	Read Operation:		Enumerate Credentials

This event occurs when a user performs a read operation on stored credentials in Credential Manager."
Audit Success,04-06-2025 00:40:05,Microsoft-Windows-Security-Auditing,5379,User Account Management,"Credential Manager credentials were read.

Subject:
	Security ID:		ALICE-IN-WONDER\DELL
	Account Name:		DELL
	Account Domain:		ALICE-IN-WONDER
	Logon ID:		0x49963
	Read Operation:		Enumerate Credentials

This event occurs when a user performs a read operation on stored credentials in Credential Manager."
Audit Success,04-06-2025 00:40:05,Microsoft-Windows-Security-Auditing,5379,User Account Management,"Credential Manager credentials were read.

Subject:
	Security ID:		ALICE-IN-WONDER\DELL
	Account Name:		DELL
	Account Domain:		ALICE-IN-WONDER
	Logon ID:		0x49963
	Read Operation:		Enumerate Credentials

This event occurs when a user performs a read operation on stored credentials in Credential Manager."
Audit Success,04-06-2025 00:40:05,Microsoft-Windows-Security-Auditing,5379,User Account Management,"Credential Manager credentials were read.

Subject:
	Security ID:		ALICE-IN-WONDER\DELL
	Account Name:		DELL
	Account Domain:		ALICE-IN-WONDER
	Logon ID:		0x49963
	Read Operation:		Enumerate Credentials

This event occurs when a user performs a read operation on stored credentials in Credential Manager."
Audit Success,04-06-2025 00:40:05,Microsoft-Windows-Security-Auditing,5379,User Account Management,"Credential Manager credentials were read.

Subject:
	Security ID:		ALICE-IN-WONDER\DELL
	Account Name:		DELL
	Account Domain:		ALICE-IN-WONDER
	Logon ID:		0x49963
	Read Operation:		Enumerate Credentials

This event occurs when a user performs a read operation on stored credentials in Credential Manager."
Audit Success,04-06-2025 00:40:05,Microsoft-Windows-Security-Auditing,5379,User Account Management,"Credential Manager credentials were read.

Subject:
	Security ID:		ALICE-IN-WONDER\DELL
	Account Name:		DELL
	Account Domain:		ALICE-IN-WONDER
	Logon ID:		0x49963
	Read Operation:		Enumerate Credentials

This event occurs when a user performs a read operation on stored credentials in Credential Manager."
Audit Success,04-06-2025 00:40:05,Microsoft-Windows-Security-Auditing,5379,User Account Management,"Credential Manager credentials were read.

Subject:
	Security ID:		ALICE-IN-WONDER\DELL
	Account Name:		DELL
	Account Domain:		ALICE-IN-WONDER
	Logon ID:		0x49963
	Read Operation:		Enumerate Credentials

This event occurs when a user performs a read operation on stored credentials in Credential Manager."
Audit Success,04-06-2025 00:40:05,Microsoft-Windows-Security-Auditing,5379,User Account Management,"Credential Manager credentials were read.

Subject:
	Security ID:		ALICE-IN-WONDER\DELL
	Account Name:		DELL
	Account Domain:		ALICE-IN-WONDER
	Logon ID:		0x49963
	Read Operation:		Enumerate Credentials

This event occurs when a user performs a read operation on stored credentials in Credential Manager."
Audit Success,04-06-2025 00:40:05,Microsoft-Windows-Security-Auditing,5379,User Account Management,"Credential Manager credentials were read.

Subject:
	Security ID:		ALICE-IN-WONDER\DELL
	Account Name:		DELL
	Account Domain:		ALICE-IN-WONDER
	Logon ID:		0x49963
	Read Operation:		Enumerate Credentials

This event occurs when a user performs a read operation on stored credentials in Credential Manager."
Audit Success,04-06-2025 00:40:05,Microsoft-Windows-Security-Auditing,5379,User Account Management,"Credential Manager credentials were read.

Subject:
	Security ID:		ALICE-IN-WONDER\DELL
	Account Name:		DELL
	Account Domain:		ALICE-IN-WONDER
	Logon ID:		0x49963
	Read Operation:		Enumerate Credentials

This event occurs when a user performs a read operation on stored credentials in Credential Manager."
Audit Success,04-06-2025 00:40:05,Microsoft-Windows-Security-Auditing,5379,User Account Management,"Credential Manager credentials were read.

Subject:
	Security ID:		ALICE-IN-WONDER\DELL
	Account Name:		DELL
	Account Domain:		ALICE-IN-WONDER
	Logon ID:		0x49963
	Read Operation:		Enumerate Credentials

This event occurs when a user performs a read operation on stored credentials in Credential Manager."
Audit Success,04-06-2025 00:40:05,Microsoft-Windows-Security-Auditing,5379,User Account Management,"Credential Manager credentials were read.

Subject:
	Security ID:		ALICE-IN-WONDER\DELL
	Account Name:		DELL
	Account Domain:		ALICE-IN-WONDER
	Logon ID:		0x49963
	Read Operation:		Enumerate Credentials

This event occurs when a user performs a read operation on stored credentials in Credential Manager."
Audit Success,04-06-2025 00:40:05,Microsoft-Windows-Security-Auditing,5379,User Account Management,"Credential Manager credentials were read.

Subject:
	Security ID:		ALICE-IN-WONDER\DELL
	Account Name:		DELL
	Account Domain:		ALICE-IN-WONDER
	Logon ID:		0x49963
	Read Operation:		Enumerate Credentials

This event occurs when a user performs a read operation on stored credentials in Credential Manager."
Audit Success,04-06-2025 00:40:05,Microsoft-Windows-Security-Auditing,5379,User Account Management,"Credential Manager credentials were read.

Subject:
	Security ID:		ALICE-IN-WONDER\DELL
	Account Name:		DELL
	Account Domain:		ALICE-IN-WONDER
	Logon ID:		0x49963
	Read Operation:		Enumerate Credentials

This event occurs when a user performs a read operation on stored credentials in Credential Manager."
Audit Success,04-06-2025 00:40:05,Microsoft-Windows-Security-Auditing,5379,User Account Management,"Credential Manager credentials were read.

Subject:
	Security ID:		ALICE-IN-WONDER\DELL
	Account Name:		DELL
	Account Domain:		ALICE-IN-WONDER
	Logon ID:		0x49963
	Read Operation:		Enumerate Credentials

This event occurs when a user performs a read operation on stored credentials in Credential Manager."
Audit Success,04-06-2025 00:40:05,Microsoft-Windows-Security-Auditing,5379,User Account Management,"Credential Manager credentials were read.

Subject:
	Security ID:		ALICE-IN-WONDER\DELL
	Account Name:		DELL
	Account Domain:		ALICE-IN-WONDER
	Logon ID:		0x49963
	Read Operation:		Enumerate Credentials

This event occurs when a user performs a read operation on stored credentials in Credential Manager."
Audit Success,04-06-2025 00:40:05,Microsoft-Windows-Security-Auditing,5379,User Account Management,"Credential Manager credentials were read.

Subject:
	Security ID:		ALICE-IN-WONDER\DELL
	Account Name:		DELL
	Account Domain:		ALICE-IN-WONDER
	Logon ID:		0x49963
	Read Operation:		Enumerate Credentials

This event occurs when a user performs a read operation on stored credentials in Credential Manager."
Audit Success,04-06-2025 00:40:05,Microsoft-Windows-Security-Auditing,5379,User Account Management,"Credential Manager credentials were read.

Subject:
	Security ID:		ALICE-IN-WONDER\DELL
	Account Name:		DELL
	Account Domain:		ALICE-IN-WONDER
	Logon ID:		0x49963
	Read Operation:		Enumerate Credentials

This event occurs when a user performs a read operation on stored credentials in Credential Manager."
Audit Success,04-06-2025 00:40:05,Microsoft-Windows-Security-Auditing,5379,User Account Management,"Credential Manager credentials were read.

Subject:
	Security ID:		ALICE-IN-WONDER\DELL
	Account Name:		DELL
	Account Domain:		ALICE-IN-WONDER
	Logon ID:		0x49963
	Read Operation:		Enumerate Credentials

This event occurs when a user performs a read operation on stored credentials in Credential Manager."
Audit Success,04-06-2025 00:40:05,Microsoft-Windows-Security-Auditing,5379,User Account Management,"Credential Manager credentials were read.

Subject:
	Security ID:		ALICE-IN-WONDER\DELL
	Account Name:		DELL
	Account Domain:		ALICE-IN-WONDER
	Logon ID:		0x49963
	Read Operation:		Enumerate Credentials

This event occurs when a user performs a read operation on stored credentials in Credential Manager."
Audit Success,04-06-2025 00:40:05,Microsoft-Windows-Security-Auditing,5379,User Account Management,"Credential Manager credentials were read.

Subject:
	Security ID:		ALICE-IN-WONDER\DELL
	Account Name:		DELL
	Account Domain:		ALICE-IN-WONDER
	Logon ID:		0x49963
	Read Operation:		Enumerate Credentials

This event occurs when a user performs a read operation on stored credentials in Credential Manager."
Audit Success,04-06-2025 00:40:05,Microsoft-Windows-Security-Auditing,5379,User Account Management,"Credential Manager credentials were read.

Subject:
	Security ID:		ALICE-IN-WONDER\DELL
	Account Name:		DELL
	Account Domain:		ALICE-IN-WONDER
	Logon ID:		0x49963
	Read Operation:		Enumerate Credentials

This event occurs when a user performs a read operation on stored credentials in Credential Manager."
Audit Success,04-06-2025 00:40:05,Microsoft-Windows-Security-Auditing,5379,User Account Management,"Credential Manager credentials were read.

Subject:
	Security ID:		ALICE-IN-WONDER\DELL
	Account Name:		DELL
	Account Domain:		ALICE-IN-WONDER
	Logon ID:		0x49963
	Read Operation:		Enumerate Credentials

This event occurs when a user performs a read operation on stored credentials in Credential Manager."
Audit Success,04-06-2025 00:40:05,Microsoft-Windows-Security-Auditing,5379,User Account Management,"Credential Manager credentials were read.

Subject:
	Security ID:		ALICE-IN-WONDER\DELL
	Account Name:		DELL
	Account Domain:		ALICE-IN-WONDER
	Logon ID:		0x49963
	Read Operation:		Enumerate Credentials

This event occurs when a user performs a read operation on stored credentials in Credential Manager."
Audit Success,04-06-2025 00:40:05,Microsoft-Windows-Security-Auditing,5379,User Account Management,"Credential Manager credentials were read.

Subject:
	Security ID:		ALICE-IN-WONDER\DELL
	Account Name:		DELL
	Account Domain:		ALICE-IN-WONDER
	Logon ID:		0x49963
	Read Operation:		Enumerate Credentials

This event occurs when a user performs a read operation on stored credentials in Credential Manager."
Audit Success,04-06-2025 00:40:05,Microsoft-Windows-Security-Auditing,5379,User Account Management,"Credential Manager credentials were read.

Subject:
	Security ID:		ALICE-IN-WONDER\DELL
	Account Name:		DELL
	Account Domain:		ALICE-IN-WONDER
	Logon ID:		0x49963
	Read Operation:		Enumerate Credentials

This event occurs when a user performs a read operation on stored credentials in Credential Manager."
Audit Success,04-06-2025 00:40:05,Microsoft-Windows-Security-Auditing,5379,User Account Management,"Credential Manager credentials were read.

Subject:
	Security ID:		ALICE-IN-WONDER\DELL
	Account Name:		DELL
	Account Domain:		ALICE-IN-WONDER
	Logon ID:		0x49963
	Read Operation:		Enumerate Credentials

This event occurs when a user performs a read operation on stored credentials in Credential Manager."
Audit Success,04-06-2025 00:40:05,Microsoft-Windows-Security-Auditing,5379,User Account Management,"Credential Manager credentials were read.

Subject:
	Security ID:		ALICE-IN-WONDER\DELL
	Account Name:		DELL
	Account Domain:		ALICE-IN-WONDER
	Logon ID:		0x49963
	Read Operation:		Enumerate Credentials

This event occurs when a user performs a read operation on stored credentials in Credential Manager."
Audit Success,04-06-2025 00:40:05,Microsoft-Windows-Security-Auditing,5379,User Account Management,"Credential Manager credentials were read.

Subject:
	Security ID:		ALICE-IN-WONDER\DELL
	Account Name:		DELL
	Account Domain:		ALICE-IN-WONDER
	Logon ID:		0x49963
	Read Operation:		Enumerate Credentials

This event occurs when a user performs a read operation on stored credentials in Credential Manager."
Audit Success,04-06-2025 00:40:05,Microsoft-Windows-Security-Auditing,5379,User Account Management,"Credential Manager credentials were read.

Subject:
	Security ID:		ALICE-IN-WONDER\DELL
	Account Name:		DELL
	Account Domain:		ALICE-IN-WONDER
	Logon ID:		0x49963
	Read Operation:		Enumerate Credentials

This event occurs when a user performs a read operation on stored credentials in Credential Manager."
Audit Success,04-06-2025 00:40:05,Microsoft-Windows-Security-Auditing,5379,User Account Management,"Credential Manager credentials were read.

Subject:
	Security ID:		ALICE-IN-WONDER\DELL
	Account Name:		DELL
	Account Domain:		ALICE-IN-WONDER
	Logon ID:		0x49963
	Read Operation:		Enumerate Credentials

This event occurs when a user performs a read operation on stored credentials in Credential Manager."
Audit Success,04-06-2025 00:40:05,Microsoft-Windows-Security-Auditing,5379,User Account Management,"Credential Manager credentials were read.

Subject:
	Security ID:		ALICE-IN-WONDER\DELL
	Account Name:		DELL
	Account Domain:		ALICE-IN-WONDER
	Logon ID:		0x49963
	Read Operation:		Enumerate Credentials

This event occurs when a user performs a read operation on stored credentials in Credential Manager."
Audit Success,04-06-2025 00:40:05,Microsoft-Windows-Security-Auditing,5379,User Account Management,"Credential Manager credentials were read.

Subject:
	Security ID:		ALICE-IN-WONDER\DELL
	Account Name:		DELL
	Account Domain:		ALICE-IN-WONDER
	Logon ID:		0x49963
	Read Operation:		Enumerate Credentials

This event occurs when a user performs a read operation on stored credentials in Credential Manager."
Audit Success,04-06-2025 00:40:05,Microsoft-Windows-Security-Auditing,5379,User Account Management,"Credential Manager credentials were read.

Subject:
	Security ID:		ALICE-IN-WONDER\DELL
	Account Name:		DELL
	Account Domain:		ALICE-IN-WONDER
	Logon ID:		0x49963
	Read Operation:		Enumerate Credentials

This event occurs when a user performs a read operation on stored credentials in Credential Manager."
Audit Success,04-06-2025 00:40:05,Microsoft-Windows-Security-Auditing,5379,User Account Management,"Credential Manager credentials were read.

Subject:
	Security ID:		ALICE-IN-WONDER\DELL
	Account Name:		DELL
	Account Domain:		ALICE-IN-WONDER
	Logon ID:		0x49963
	Read Operation:		Enumerate Credentials

This event occurs when a user performs a read operation on stored credentials in Credential Manager."
Audit Success,04-06-2025 00:40:05,Microsoft-Windows-Security-Auditing,5379,User Account Management,"Credential Manager credentials were read.

Subject:
	Security ID:		ALICE-IN-WONDER\DELL
	Account Name:		DELL
	Account Domain:		ALICE-IN-WONDER
	Logon ID:		0x49963
	Read Operation:		Enumerate Credentials

This event occurs when a user performs a read operation on stored credentials in Credential Manager."
Audit Success,04-06-2025 00:40:05,Microsoft-Windows-Security-Auditing,5379,User Account Management,"Credential Manager credentials were read.

Subject:
	Security ID:		ALICE-IN-WONDER\DELL
	Account Name:		DELL
	Account Domain:		ALICE-IN-WONDER
	Logon ID:		0x49963
	Read Operation:		Enumerate Credentials

This event occurs when a user performs a read operation on stored credentials in Credential Manager."
Audit Success,04-06-2025 00:40:05,Microsoft-Windows-Security-Auditing,5379,User Account Management,"Credential Manager credentials were read.

Subject:
	Security ID:		ALICE-IN-WONDER\DELL
	Account Name:		DELL
	Account Domain:		ALICE-IN-WONDER
	Logon ID:		0x49963
	Read Operation:		Read Credential

This event occurs when a user performs a read operation on stored credentials in Credential Manager."
Audit Success,04-06-2025 00:40:05,Microsoft-Windows-Security-Auditing,5379,User Account Management,"Credential Manager credentials were read.

Subject:
	Security ID:		ALICE-IN-WONDER\DELL
	Account Name:		DELL
	Account Domain:		ALICE-IN-WONDER
	Logon ID:		0x49963
	Read Operation:		Enumerate Credentials

This event occurs when a user performs a read operation on stored credentials in Credential Manager."
Audit Success,04-06-2025 00:40:05,Microsoft-Windows-Security-Auditing,5379,User Account Management,"Credential Manager credentials were read.

Subject:
	Security ID:		ALICE-IN-WONDER\DELL
	Account Name:		DELL
	Account Domain:		ALICE-IN-WONDER
	Logon ID:		0x49963
	Read Operation:		Enumerate Credentials

This event occurs when a user performs a read operation on stored credentials in Credential Manager."
Audit Success,04-06-2025 00:40:05,Microsoft-Windows-Security-Auditing,5379,User Account Management,"Credential Manager credentials were read.

Subject:
	Security ID:		ALICE-IN-WONDER\DELL
	Account Name:		DELL
	Account Domain:		ALICE-IN-WONDER
	Logon ID:		0x49963
	Read Operation:		Enumerate Credentials

This event occurs when a user performs a read operation on stored credentials in Credential Manager."
Audit Success,04-06-2025 00:40:05,Microsoft-Windows-Security-Auditing,5379,User Account Management,"Credential Manager credentials were read.

Subject:
	Security ID:		ALICE-IN-WONDER\DELL
	Account Name:		DELL
	Account Domain:		ALICE-IN-WONDER
	Logon ID:		0x49963
	Read Operation:		Enumerate Credentials

This event occurs when a user performs a read operation on stored credentials in Credential Manager."
Audit Success,04-06-2025 00:40:05,Microsoft-Windows-Security-Auditing,5379,User Account Management,"Credential Manager credentials were read.

Subject:
	Security ID:		ALICE-IN-WONDER\DELL
	Account Name:		DELL
	Account Domain:		ALICE-IN-WONDER
	Logon ID:		0x49963
	Read Operation:		Enumerate Credentials

This event occurs when a user performs a read operation on stored credentials in Credential Manager."
Audit Success,04-06-2025 00:40:05,Microsoft-Windows-Security-Auditing,5379,User Account Management,"Credential Manager credentials were read.

Subject:
	Security ID:		ALICE-IN-WONDER\DELL
	Account Name:		DELL
	Account Domain:		ALICE-IN-WONDER
	Logon ID:		0x49963
	Read Operation:		Enumerate Credentials

This event occurs when a user performs a read operation on stored credentials in Credential Manager."
Audit Success,04-06-2025 00:40:05,Microsoft-Windows-Security-Auditing,5379,User Account Management,"Credential Manager credentials were read.

Subject:
	Security ID:		ALICE-IN-WONDER\DELL
	Account Name:		DELL
	Account Domain:		ALICE-IN-WONDER
	Logon ID:		0x49963
	Read Operation:		Enumerate Credentials

This event occurs when a user performs a read operation on stored credentials in Credential Manager."
Audit Success,04-06-2025 00:40:05,Microsoft-Windows-Security-Auditing,5379,User Account Management,"Credential Manager credentials were read.

Subject:
	Security ID:		ALICE-IN-WONDER\DELL
	Account Name:		DELL
	Account Domain:		ALICE-IN-WONDER
	Logon ID:		0x49963
	Read Operation:		Enumerate Credentials

This event occurs when a user performs a read operation on stored credentials in Credential Manager."
Audit Success,04-06-2025 00:40:05,Microsoft-Windows-Security-Auditing,5379,User Account Management,"Credential Manager credentials were read.

Subject:
	Security ID:		ALICE-IN-WONDER\DELL
	Account Name:		DELL
	Account Domain:		ALICE-IN-WONDER
	Logon ID:		0x49963
	Read Operation:		Enumerate Credentials

This event occurs when a user performs a read operation on stored credentials in Credential Manager."
Audit Success,04-06-2025 00:40:05,Microsoft-Windows-Security-Auditing,5379,User Account Management,"Credential Manager credentials were read.

Subject:
	Security ID:		ALICE-IN-WONDER\DELL
	Account Name:		DELL
	Account Domain:		ALICE-IN-WONDER
	Logon ID:		0x49963
	Read Operation:		Enumerate Credentials

This event occurs when a user performs a read operation on stored credentials in Credential Manager."
Audit Success,04-06-2025 00:40:05,Microsoft-Windows-Security-Auditing,5379,User Account Management,"Credential Manager credentials were read.

Subject:
	Security ID:		ALICE-IN-WONDER\DELL
	Account Name:		DELL
	Account Domain:		ALICE-IN-WONDER
	Logon ID:		0x49963
	Read Operation:		Enumerate Credentials

This event occurs when a user performs a read operation on stored credentials in Credential Manager."
Audit Success,04-06-2025 00:40:05,Microsoft-Windows-Security-Auditing,5379,User Account Management,"Credential Manager credentials were read.

Subject:
	Security ID:		ALICE-IN-WONDER\DELL
	Account Name:		DELL
	Account Domain:		ALICE-IN-WONDER
	Logon ID:		0x49963
	Read Operation:		Enumerate Credentials

This event occurs when a user performs a read operation on stored credentials in Credential Manager."
Audit Success,04-06-2025 00:40:05,Microsoft-Windows-Security-Auditing,5379,User Account Management,"Credential Manager credentials were read.

Subject:
	Security ID:		ALICE-IN-WONDER\DELL
	Account Name:		DELL
	Account Domain:		ALICE-IN-WONDER
	Logon ID:		0x49963
	Read Operation:		Enumerate Credentials

This event occurs when a user performs a read operation on stored credentials in Credential Manager."
Audit Success,04-06-2025 00:40:05,Microsoft-Windows-Security-Auditing,5379,User Account Management,"Credential Manager credentials were read.

Subject:
	Security ID:		ALICE-IN-WONDER\DELL
	Account Name:		DELL
	Account Domain:		ALICE-IN-WONDER
	Logon ID:		0x49963
	Read Operation:		Enumerate Credentials

This event occurs when a user performs a read operation on stored credentials in Credential Manager."
Audit Success,04-06-2025 00:40:05,Microsoft-Windows-Security-Auditing,5379,User Account Management,"Credential Manager credentials were read.

Subject:
	Security ID:		ALICE-IN-WONDER\DELL
	Account Name:		DELL
	Account Domain:		ALICE-IN-WONDER
	Logon ID:		0x49963
	Read Operation:		Enumerate Credentials

This event occurs when a user performs a read operation on stored credentials in Credential Manager."
Audit Success,04-06-2025 00:40:04,Microsoft-Windows-Security-Auditing,4672,Special Logon,"Special privileges assigned to new logon.

Subject:
	Security ID:		Window Manager\DWM-2
	Account Name:		DWM-2
	Account Domain:		Window Manager
	Logon ID:		0x3ADB570

Privileges:		SeAssignPrimaryTokenPrivilege
			SeAuditPrivilege"
Audit Success,04-06-2025 00:40:04,Microsoft-Windows-Security-Auditing,4672,Special Logon,"Special privileges assigned to new logon.

Subject:
	Security ID:		Window Manager\DWM-2
	Account Name:		DWM-2
	Account Domain:		Window Manager
	Logon ID:		0x3ADB524

Privileges:		SeAssignPrimaryTokenPrivilege
			SeAuditPrivilege
			SeImpersonatePrivilege"
Audit Success,04-06-2025 00:40:04,Microsoft-Windows-Security-Auditing,4624,Logon,"An account was successfully logged on.

Subject:
	Security ID:		SYSTEM
	Account Name:		ALICE-IN-WONDER$
	Account Domain:		WORKGROUP
	Logon ID:		0x3E7

Logon Information:
	Logon Type:		2
	Restricted Admin Mode:	-
	Remote Credential Guard:	-
	Virtual Account:		Yes
	Elevated Token:		No

Impersonation Level:		Impersonation

New Logon:
	Security ID:		Window Manager\DWM-2
	Account Name:		DWM-2
	Account Domain:		Window Manager
	Logon ID:		0x3ADB570
	Linked Logon ID:		0x3ADB524
	Network Account Name:	-
	Network Account Domain:	-
	Logon GUID:		{00000000-0000-0000-0000-000000000000}

Process Information:
	Process ID:		0x4bd8
	Process Name:		C:\Windows\System32\winlogon.exe

Network Information:
	Workstation Name:	-
	Source Network Address:	-
	Source Port:		-

Detailed Authentication Information:
	Logon Process:		Advapi  
	Authentication Package:	Negotiate
	Transited Services:	-
	Package Name (NTLM only):	-
	Key Length:		0

This event is generated when a logon session is created. It is generated on the computer that was accessed.

The subject fields indicate the account on the local system which requested the logon. This is most commonly a service such as the Server service, or a local process such as Winlogon.exe or Services.exe.

The logon type field indicates the kind of logon that occurred. The most common types are 2 (interactive) and 3 (network).

The New Logon fields indicate the account for whom the new logon was created, i.e. the account that was logged on.

The network fields indicate where a remote logon request originated. Workstation name is not always available and may be left blank in some cases.

The impersonation level field indicates the extent to which a process in the logon session can impersonate.

The authentication information fields provide detailed information about this specific logon request.
	- Logon GUID is a unique identifier that can be used to correlate this event with a KDC event.
	- Transited services indicate which intermediate services have participated in this logon request.
	- Package name indicates which sub-protocol was used among the NTLM protocols.
	- Key length indicates the length of the generated session key. This will be 0 if no session key was requested."
Audit Success,04-06-2025 00:40:04,Microsoft-Windows-Security-Auditing,4624,Logon,"An account was successfully logged on.

Subject:
	Security ID:		SYSTEM
	Account Name:		ALICE-IN-WONDER$
	Account Domain:		WORKGROUP
	Logon ID:		0x3E7

Logon Information:
	Logon Type:		2
	Restricted Admin Mode:	-
	Remote Credential Guard:	-
	Virtual Account:		Yes
	Elevated Token:		Yes

Impersonation Level:		Impersonation

New Logon:
	Security ID:		Window Manager\DWM-2
	Account Name:		DWM-2
	Account Domain:		Window Manager
	Logon ID:		0x3ADB524
	Linked Logon ID:		0x3ADB570
	Network Account Name:	-
	Network Account Domain:	-
	Logon GUID:		{00000000-0000-0000-0000-000000000000}

Process Information:
	Process ID:		0x4bd8
	Process Name:		C:\Windows\System32\winlogon.exe

Network Information:
	Workstation Name:	-
	Source Network Address:	-
	Source Port:		-

Detailed Authentication Information:
	Logon Process:		Advapi  
	Authentication Package:	Negotiate
	Transited Services:	-
	Package Name (NTLM only):	-
	Key Length:		0

This event is generated when a logon session is created. It is generated on the computer that was accessed.

The subject fields indicate the account on the local system which requested the logon. This is most commonly a service such as the Server service, or a local process such as Winlogon.exe or Services.exe.

The logon type field indicates the kind of logon that occurred. The most common types are 2 (interactive) and 3 (network).

The New Logon fields indicate the account for whom the new logon was created, i.e. the account that was logged on.

The network fields indicate where a remote logon request originated. Workstation name is not always available and may be left blank in some cases.

The impersonation level field indicates the extent to which a process in the logon session can impersonate.

The authentication information fields provide detailed information about this specific logon request.
	- Logon GUID is a unique identifier that can be used to correlate this event with a KDC event.
	- Transited services indicate which intermediate services have participated in this logon request.
	- Package name indicates which sub-protocol was used among the NTLM protocols.
	- Key length indicates the length of the generated session key. This will be 0 if no session key was requested."
Audit Success,04-06-2025 00:40:04,Microsoft-Windows-Security-Auditing,4648,Logon,"A logon was attempted using explicit credentials.

Subject:
	Security ID:		SYSTEM
	Account Name:		ALICE-IN-WONDER$
	Account Domain:		WORKGROUP
	Logon ID:		0x3E7
	Logon GUID:		{00000000-0000-0000-0000-000000000000}

Account Whose Credentials Were Used:
	Account Name:		DWM-2
	Account Domain:		Window Manager
	Logon GUID:		{00000000-0000-0000-0000-000000000000}

Target Server:
	Target Server Name:	localhost
	Additional Information:	localhost

Process Information:
	Process ID:		0x4bd8
	Process Name:		C:\Windows\System32\winlogon.exe

Network Information:
	Network Address:	-
	Port:			-

This event is generated when a process attempts to log on an account by explicitly specifying that account’s credentials.  This most commonly occurs in batch-type configurations such as scheduled tasks, or when using the RUNAS command."
Audit Success,04-06-2025 00:40:04,Microsoft-Windows-Security-Auditing,4624,Logon,"An account was successfully logged on.

Subject:
	Security ID:		SYSTEM
	Account Name:		ALICE-IN-WONDER$
	Account Domain:		WORKGROUP
	Logon ID:		0x3E7

Logon Information:
	Logon Type:		2
	Restricted Admin Mode:	-
	Remote Credential Guard:	-
	Virtual Account:		Yes
	Elevated Token:		No

Impersonation Level:		Impersonation

New Logon:
	Security ID:		Font Driver Host\UMFD-2
	Account Name:		UMFD-2
	Account Domain:		Font Driver Host
	Logon ID:		0x3AD98DA
	Linked Logon ID:		0x0
	Network Account Name:	-
	Network Account Domain:	-
	Logon GUID:		{00000000-0000-0000-0000-000000000000}

Process Information:
	Process ID:		0x4bd8
	Process Name:		C:\Windows\System32\winlogon.exe

Network Information:
	Workstation Name:	-
	Source Network Address:	-
	Source Port:		-

Detailed Authentication Information:
	Logon Process:		Advapi  
	Authentication Package:	Negotiate
	Transited Services:	-
	Package Name (NTLM only):	-
	Key Length:		0

This event is generated when a logon session is created. It is generated on the computer that was accessed.

The subject fields indicate the account on the local system which requested the logon. This is most commonly a service such as the Server service, or a local process such as Winlogon.exe or Services.exe.

The logon type field indicates the kind of logon that occurred. The most common types are 2 (interactive) and 3 (network).

The New Logon fields indicate the account for whom the new logon was created, i.e. the account that was logged on.

The network fields indicate where a remote logon request originated. Workstation name is not always available and may be left blank in some cases.

The impersonation level field indicates the extent to which a process in the logon session can impersonate.

The authentication information fields provide detailed information about this specific logon request.
	- Logon GUID is a unique identifier that can be used to correlate this event with a KDC event.
	- Transited services indicate which intermediate services have participated in this logon request.
	- Package name indicates which sub-protocol was used among the NTLM protocols.
	- Key length indicates the length of the generated session key. This will be 0 if no session key was requested."
Audit Success,04-06-2025 00:40:04,Microsoft-Windows-Security-Auditing,4648,Logon,"A logon was attempted using explicit credentials.

Subject:
	Security ID:		SYSTEM
	Account Name:		ALICE-IN-WONDER$
	Account Domain:		WORKGROUP
	Logon ID:		0x3E7
	Logon GUID:		{00000000-0000-0000-0000-000000000000}

Account Whose Credentials Were Used:
	Account Name:		UMFD-2
	Account Domain:		Font Driver Host
	Logon GUID:		{00000000-0000-0000-0000-000000000000}

Target Server:
	Target Server Name:	localhost
	Additional Information:	localhost

Process Information:
	Process ID:		0x4bd8
	Process Name:		C:\Windows\System32\winlogon.exe

Network Information:
	Network Address:	-
	Port:			-

This event is generated when a process attempts to log on an account by explicitly specifying that account’s credentials.  This most commonly occurs in batch-type configurations such as scheduled tasks, or when using the RUNAS command."
Audit Success,04-06-2025 00:40:03,Microsoft-Windows-Security-Auditing,5379,User Account Management,"Credential Manager credentials were read.

Subject:
	Security ID:		ALICE-IN-WONDER\DELL
	Account Name:		DELL
	Account Domain:		ALICE-IN-WONDER
	Logon ID:		0x49963
	Read Operation:		Enumerate Credentials

This event occurs when a user performs a read operation on stored credentials in Credential Manager."
Audit Success,04-06-2025 00:40:03,Microsoft-Windows-Security-Auditing,5379,User Account Management,"Credential Manager credentials were read.

Subject:
	Security ID:		ALICE-IN-WONDER\DELL
	Account Name:		DELL
	Account Domain:		ALICE-IN-WONDER
	Logon ID:		0x49963
	Read Operation:		Enumerate Credentials

This event occurs when a user performs a read operation on stored credentials in Credential Manager."
Audit Success,04-06-2025 00:40:03,Microsoft-Windows-Security-Auditing,5379,User Account Management,"Credential Manager credentials were read.

Subject:
	Security ID:		ALICE-IN-WONDER\DELL
	Account Name:		DELL
	Account Domain:		ALICE-IN-WONDER
	Logon ID:		0x49963
	Read Operation:		Enumerate Credentials

This event occurs when a user performs a read operation on stored credentials in Credential Manager."
Audit Success,04-06-2025 00:40:03,Microsoft-Windows-Security-Auditing,5379,User Account Management,"Credential Manager credentials were read.

Subject:
	Security ID:		ALICE-IN-WONDER\DELL
	Account Name:		DELL
	Account Domain:		ALICE-IN-WONDER
	Logon ID:		0x49963
	Read Operation:		Enumerate Credentials

This event occurs when a user performs a read operation on stored credentials in Credential Manager."
Audit Success,04-06-2025 00:40:03,Microsoft-Windows-Security-Auditing,5379,User Account Management,"Credential Manager credentials were read.

Subject:
	Security ID:		ALICE-IN-WONDER\DELL
	Account Name:		DELL
	Account Domain:		ALICE-IN-WONDER
	Logon ID:		0x49963
	Read Operation:		Enumerate Credentials

This event occurs when a user performs a read operation on stored credentials in Credential Manager."
Audit Success,04-06-2025 00:40:03,Microsoft-Windows-Security-Auditing,5379,User Account Management,"Credential Manager credentials were read.

Subject:
	Security ID:		ALICE-IN-WONDER\DELL
	Account Name:		DELL
	Account Domain:		ALICE-IN-WONDER
	Logon ID:		0x49963
	Read Operation:		Enumerate Credentials

This event occurs when a user performs a read operation on stored credentials in Credential Manager."
Audit Success,04-06-2025 00:40:03,Microsoft-Windows-Security-Auditing,5379,User Account Management,"Credential Manager credentials were read.

Subject:
	Security ID:		ALICE-IN-WONDER\DELL
	Account Name:		DELL
	Account Domain:		ALICE-IN-WONDER
	Logon ID:		0x49963
	Read Operation:		Enumerate Credentials

This event occurs when a user performs a read operation on stored credentials in Credential Manager."
Audit Success,04-06-2025 00:40:03,Microsoft-Windows-Security-Auditing,5379,User Account Management,"Credential Manager credentials were read.

Subject:
	Security ID:		ALICE-IN-WONDER\DELL
	Account Name:		DELL
	Account Domain:		ALICE-IN-WONDER
	Logon ID:		0x49963
	Read Operation:		Enumerate Credentials

This event occurs when a user performs a read operation on stored credentials in Credential Manager."
Audit Success,04-06-2025 00:40:03,Microsoft-Windows-Security-Auditing,5379,User Account Management,"Credential Manager credentials were read.

Subject:
	Security ID:		ALICE-IN-WONDER\DELL
	Account Name:		DELL
	Account Domain:		ALICE-IN-WONDER
	Logon ID:		0x49963
	Read Operation:		Enumerate Credentials

This event occurs when a user performs a read operation on stored credentials in Credential Manager."
Audit Success,04-06-2025 00:40:03,Microsoft-Windows-Security-Auditing,5379,User Account Management,"Credential Manager credentials were read.

Subject:
	Security ID:		ALICE-IN-WONDER\DELL
	Account Name:		DELL
	Account Domain:		ALICE-IN-WONDER
	Logon ID:		0x49963
	Read Operation:		Enumerate Credentials

This event occurs when a user performs a read operation on stored credentials in Credential Manager."
Audit Success,04-06-2025 00:40:03,Microsoft-Windows-Security-Auditing,5379,User Account Management,"Credential Manager credentials were read.

Subject:
	Security ID:		ALICE-IN-WONDER\DELL
	Account Name:		DELL
	Account Domain:		ALICE-IN-WONDER
	Logon ID:		0x49963
	Read Operation:		Enumerate Credentials

This event occurs when a user performs a read operation on stored credentials in Credential Manager."
Audit Success,04-06-2025 00:40:03,Microsoft-Windows-Security-Auditing,5379,User Account Management,"Credential Manager credentials were read.

Subject:
	Security ID:		ALICE-IN-WONDER\DELL
	Account Name:		DELL
	Account Domain:		ALICE-IN-WONDER
	Logon ID:		0x49963
	Read Operation:		Enumerate Credentials

This event occurs when a user performs a read operation on stored credentials in Credential Manager."
Audit Success,04-06-2025 00:40:03,Microsoft-Windows-Security-Auditing,5379,User Account Management,"Credential Manager credentials were read.

Subject:
	Security ID:		ALICE-IN-WONDER\DELL
	Account Name:		DELL
	Account Domain:		ALICE-IN-WONDER
	Logon ID:		0x49963
	Read Operation:		Enumerate Credentials

This event occurs when a user performs a read operation on stored credentials in Credential Manager."
Audit Success,04-06-2025 00:40:03,Microsoft-Windows-Security-Auditing,5379,User Account Management,"Credential Manager credentials were read.

Subject:
	Security ID:		ALICE-IN-WONDER\DELL
	Account Name:		DELL
	Account Domain:		ALICE-IN-WONDER
	Logon ID:		0x49963
	Read Operation:		Enumerate Credentials

This event occurs when a user performs a read operation on stored credentials in Credential Manager."
Audit Success,04-06-2025 00:40:03,Microsoft-Windows-Security-Auditing,5379,User Account Management,"Credential Manager credentials were read.

Subject:
	Security ID:		ALICE-IN-WONDER\DELL
	Account Name:		DELL
	Account Domain:		ALICE-IN-WONDER
	Logon ID:		0x49963
	Read Operation:		Enumerate Credentials

This event occurs when a user performs a read operation on stored credentials in Credential Manager."
Audit Success,04-06-2025 00:40:03,Microsoft-Windows-Security-Auditing,5379,User Account Management,"Credential Manager credentials were read.

Subject:
	Security ID:		ALICE-IN-WONDER\DELL
	Account Name:		DELL
	Account Domain:		ALICE-IN-WONDER
	Logon ID:		0x49963
	Read Operation:		Enumerate Credentials

This event occurs when a user performs a read operation on stored credentials in Credential Manager."
Audit Success,04-06-2025 00:40:03,Microsoft-Windows-Security-Auditing,5379,User Account Management,"Credential Manager credentials were read.

Subject:
	Security ID:		ALICE-IN-WONDER\DELL
	Account Name:		DELL
	Account Domain:		ALICE-IN-WONDER
	Logon ID:		0x49963
	Read Operation:		Enumerate Credentials

This event occurs when a user performs a read operation on stored credentials in Credential Manager."
Audit Success,04-06-2025 00:40:03,Microsoft-Windows-Security-Auditing,5379,User Account Management,"Credential Manager credentials were read.

Subject:
	Security ID:		ALICE-IN-WONDER\DELL
	Account Name:		DELL
	Account Domain:		ALICE-IN-WONDER
	Logon ID:		0x49963
	Read Operation:		Enumerate Credentials

This event occurs when a user performs a read operation on stored credentials in Credential Manager."
Audit Success,04-06-2025 00:40:03,Microsoft-Windows-Security-Auditing,5379,User Account Management,"Credential Manager credentials were read.

Subject:
	Security ID:		ALICE-IN-WONDER\DELL
	Account Name:		DELL
	Account Domain:		ALICE-IN-WONDER
	Logon ID:		0x49963
	Read Operation:		Enumerate Credentials

This event occurs when a user performs a read operation on stored credentials in Credential Manager."
Audit Success,04-06-2025 00:40:03,Microsoft-Windows-Security-Auditing,5379,User Account Management,"Credential Manager credentials were read.

Subject:
	Security ID:		ALICE-IN-WONDER\DELL
	Account Name:		DELL
	Account Domain:		ALICE-IN-WONDER
	Logon ID:		0x49963
	Read Operation:		Enumerate Credentials

This event occurs when a user performs a read operation on stored credentials in Credential Manager."
Audit Success,04-06-2025 00:40:03,Microsoft-Windows-Security-Auditing,5379,User Account Management,"Credential Manager credentials were read.

Subject:
	Security ID:		ALICE-IN-WONDER\DELL
	Account Name:		DELL
	Account Domain:		ALICE-IN-WONDER
	Logon ID:		0x49963
	Read Operation:		Enumerate Credentials

This event occurs when a user performs a read operation on stored credentials in Credential Manager."
Audit Success,04-06-2025 00:40:03,Microsoft-Windows-Security-Auditing,5379,User Account Management,"Credential Manager credentials were read.

Subject:
	Security ID:		ALICE-IN-WONDER\DELL
	Account Name:		DELL
	Account Domain:		ALICE-IN-WONDER
	Logon ID:		0x49963
	Read Operation:		Enumerate Credentials

This event occurs when a user performs a read operation on stored credentials in Credential Manager."
Audit Success,04-06-2025 00:40:03,Microsoft-Windows-Security-Auditing,5379,User Account Management,"Credential Manager credentials were read.

Subject:
	Security ID:		ALICE-IN-WONDER\DELL
	Account Name:		DELL
	Account Domain:		ALICE-IN-WONDER
	Logon ID:		0x49963
	Read Operation:		Enumerate Credentials

This event occurs when a user performs a read operation on stored credentials in Credential Manager."
