Keywords,Date and Time,Source,Event ID,Task Category
Audit Success,04-06-2025 11:15:41,Microsoft-Windows-Security-Auditing,4798,User Account Management,"A user's local group membership was enumerated.

Subject:
	Security ID:		SYSTEM
	Account Name:		ALICE-IN-WONDER$
	Account Domain:		WORKGROUP
	Logon ID:		0x3E7

User:
	Security ID:		ALICE-IN-WONDER\DELL
	Account Name:		DELL
	Account Domain:		ALICE-IN-WONDER

Process Information:
	Process ID:		0x1594
	Process Name:		C:\Windows\System32\svchost.exe"
Audit Success,04-06-2025 11:15:41,Microsoft-Windows-Security-Auditing,4798,User Account Management,"A user's local group membership was enumerated.

Subject:
	Security ID:		SYSTEM
	Account Name:		ALICE-IN-WONDER$
	Account Domain:		WORKGROUP
	Logon ID:		0x3E7

User:
	Security ID:		ALICE-IN-WONDER\DefaultAccount
	Account Name:		DefaultAccount
	Account Domain:		ALICE-IN-WONDER

Process Information:
	Process ID:		0x1594
	Process Name:		C:\Windows\System32\svchost.exe"
Audit Success,04-06-2025 11:15:41,Microsoft-Windows-Security-Auditing,4798,User Account Management,"A user's local group membership was enumerated.

Subject:
	Security ID:		SYSTEM
	Account Name:		ALICE-IN-WONDER$
	Account Domain:		WORKGROUP
	Logon ID:		0x3E7

User:
	Security ID:		ALICE-IN-WONDER\Administrator
	Account Name:		Administrator
	Account Domain:		ALICE-IN-WONDER

Process Information:
	Process ID:		0x1594
	Process Name:		C:\Windows\System32\svchost.exe"
Audit Success,04-06-2025 11:15:41,Microsoft-Windows-Security-Auditing,4798,User Account Management,"A user's local group membership was enumerated.

Subject:
	Security ID:		SYSTEM
	Account Name:		ALICE-IN-WONDER$
	Account Domain:		WORKGROUP
	Logon ID:		0x3E7

User:
	Security ID:		ALICE-IN-WONDER\DELL
	Account Name:		DELL
	Account Domain:		ALICE-IN-WONDER

Process Information:
	Process ID:		0x1594
	Process Name:		C:\Windows\System32\svchost.exe"
Audit Success,04-06-2025 11:15:41,Microsoft-Windows-Security-Auditing,4798,User Account Management,"A user's local group membership was enumerated.

Subject:
	Security ID:		SYSTEM
	Account Name:		ALICE-IN-WONDER$
	Account Domain:		WORKGROUP
	Logon ID:		0x3E7

User:
	Security ID:		ALICE-IN-WONDER\DefaultAccount
	Account Name:		DefaultAccount
	Account Domain:		ALICE-IN-WONDER

Process Information:
	Process ID:		0x1594
	Process Name:		C:\Windows\System32\svchost.exe"
Audit Success,04-06-2025 11:15:41,Microsoft-Windows-Security-Auditing,4798,User Account Management,"A user's local group membership was enumerated.

Subject:
	Security ID:		SYSTEM
	Account Name:		ALICE-IN-WONDER$
	Account Domain:		WORKGROUP
	Logon ID:		0x3E7

User:
	Security ID:		ALICE-IN-WONDER\Administrator
	Account Name:		Administrator
	Account Domain:		ALICE-IN-WONDER

Process Information:
	Process ID:		0x1594
	Process Name:		C:\Windows\System32\svchost.exe"
Audit Success,04-06-2025 11:15:17,Microsoft-Windows-Security-Auditing,4798,User Account Management,"A user's local group membership was enumerated.

Subject:
	Security ID:		ALICE-IN-WONDER\DELL
	Account Name:		DELL
	Account Domain:		ALICE-IN-WONDER
	Logon ID:		0x3B18F53

User:
	Security ID:		ALICE-IN-WONDER\DELL
	Account Name:		DELL
	Account Domain:		ALICE-IN-WONDER

Process Information:
	Process ID:		0x682c
	Process Name:		C:\Windows\System32\mmc.exe"
Audit Success,04-06-2025 11:14:52,Microsoft-Windows-Security-Auditing,5379,User Account Management,"Credential Manager credentials were read.

Subject:
	Security ID:		ALICE-IN-WONDER\DELL
	Account Name:		DELL
	Account Domain:		ALICE-IN-WONDER
	Logon ID:		0x3B1902D
	Read Operation:		Read Credential

This event occurs when a user performs a read operation on stored credentials in Credential Manager."
Audit Success,04-06-2025 11:14:52,Microsoft-Windows-Security-Auditing,4798,User Account Management,"A user's local group membership was enumerated.

Subject:
	Security ID:		ALICE-IN-WONDER\DELL
	Account Name:		DELL
	Account Domain:		ALICE-IN-WONDER
	Logon ID:		0x3B1902D

User:
	Security ID:		ALICE-IN-WONDER\DELL
	Account Name:		DELL
	Account Domain:		ALICE-IN-WONDER

Process Information:
	Process ID:		0x134c
	Process Name:		C:\Program Files\Git\usr\bin\sh.exe"
Audit Success,04-06-2025 11:14:51,Microsoft-Windows-Security-Auditing,5379,User Account Management,"Credential Manager credentials were read.

Subject:
	Security ID:		ALICE-IN-WONDER\DELL
	Account Name:		DELL
	Account Domain:		ALICE-IN-WONDER
	Logon ID:		0x3B1902D
	Read Operation:		Enumerate Credentials

This event occurs when a user performs a read operation on stored credentials in Credential Manager."
Audit Success,04-06-2025 11:14:51,Microsoft-Windows-Security-Auditing,5379,User Account Management,"Credential Manager credentials were read.

Subject:
	Security ID:		ALICE-IN-WONDER\DELL
	Account Name:		DELL
	Account Domain:		ALICE-IN-WONDER
	Logon ID:		0x3B1902D
	Read Operation:		Enumerate Credentials

This event occurs when a user performs a read operation on stored credentials in Credential Manager."
Audit Success,04-06-2025 11:14:51,Microsoft-Windows-Security-Auditing,4798,User Account Management,"A user's local group membership was enumerated.

Subject:
	Security ID:		ALICE-IN-WONDER\DELL
	Account Name:		DELL
	Account Domain:		ALICE-IN-WONDER
	Logon ID:		0x3B1902D

User:
	Security ID:		ALICE-IN-WONDER\DELL
	Account Name:		DELL
	Account Domain:		ALICE-IN-WONDER

Process Information:
	Process ID:		0x6754
	Process Name:		C:\Program Files\Git\usr\bin\sh.exe"
Audit Success,04-06-2025 11:13:35,Microsoft-Windows-Security-Auditing,4798,User Account Management,"A user's local group membership was enumerated.

Subject:
	Security ID:		SYSTEM
	Account Name:		ALICE-IN-WONDER$
	Account Domain:		WORKGROUP
	Logon ID:		0x3E7

User:
	Security ID:		ALICE-IN-WONDER\DELL
	Account Name:		DELL
	Account Domain:		ALICE-IN-WONDER

Process Information:
	Process ID:		0x1594
	Process Name:		C:\Windows\System32\svchost.exe"
Audit Success,04-06-2025 11:13:35,Microsoft-Windows-Security-Auditing,4798,User Account Management,"A user's local group membership was enumerated.

Subject:
	Security ID:		SYSTEM
	Account Name:		ALICE-IN-WONDER$
	Account Domain:		WORKGROUP
	Logon ID:		0x3E7

User:
	Security ID:		ALICE-IN-WONDER\DefaultAccount
	Account Name:		DefaultAccount
	Account Domain:		ALICE-IN-WONDER

Process Information:
	Process ID:		0x1594
	Process Name:		C:\Windows\System32\svchost.exe"
Audit Success,04-06-2025 11:13:35,Microsoft-Windows-Security-Auditing,4798,User Account Management,"A user's local group membership was enumerated.

Subject:
	Security ID:		SYSTEM
	Account Name:		ALICE-IN-WONDER$
	Account Domain:		WORKGROUP
	Logon ID:		0x3E7

User:
	Security ID:		ALICE-IN-WONDER\Administrator
	Account Name:		Administrator
	Account Domain:		ALICE-IN-WONDER

Process Information:
	Process ID:		0x1594
	Process Name:		C:\Windows\System32\svchost.exe"
Audit Success,04-06-2025 11:13:35,Microsoft-Windows-Security-Auditing,4798,User Account Management,"A user's local group membership was enumerated.

Subject:
	Security ID:		SYSTEM
	Account Name:		ALICE-IN-WONDER$
	Account Domain:		WORKGROUP
	Logon ID:		0x3E7

User:
	Security ID:		ALICE-IN-WONDER\DELL
	Account Name:		DELL
	Account Domain:		ALICE-IN-WONDER

Process Information:
	Process ID:		0x1594
	Process Name:		C:\Windows\System32\svchost.exe"
Audit Success,04-06-2025 11:13:35,Microsoft-Windows-Security-Auditing,4798,User Account Management,"A user's local group membership was enumerated.

Subject:
	Security ID:		SYSTEM
	Account Name:		ALICE-IN-WONDER$
	Account Domain:		WORKGROUP
	Logon ID:		0x3E7

User:
	Security ID:		ALICE-IN-WONDER\DefaultAccount
	Account Name:		DefaultAccount
	Account Domain:		ALICE-IN-WONDER

Process Information:
	Process ID:		0x1594
	Process Name:		C:\Windows\System32\svchost.exe"
Audit Success,04-06-2025 11:13:35,Microsoft-Windows-Security-Auditing,4798,User Account Management,"A user's local group membership was enumerated.

Subject:
	Security ID:		SYSTEM
	Account Name:		ALICE-IN-WONDER$
	Account Domain:		WORKGROUP
	Logon ID:		0x3E7

User:
	Security ID:		ALICE-IN-WONDER\Administrator
	Account Name:		Administrator
	Account Domain:		ALICE-IN-WONDER

Process Information:
	Process ID:		0x1594
	Process Name:		C:\Windows\System32\svchost.exe"
Audit Success,04-06-2025 11:11:42,Microsoft-Windows-Security-Auditing,5058,Other System Events,"Key file operation.

Subject:
	Security ID:		ALICE-IN-WONDER\DELL
	Account Name:		DELL
	Account Domain:		ALICE-IN-WONDER
	Logon ID:		0x3B1902D

Process Information:
	Process ID:		26388
	Process Creation Time:	‎2025‎-‎06‎-‎04T05:41:40.951738500Z

Cryptographic Parameters:
	Provider Name:	Microsoft Software Key Storage Provider
	Algorithm Name:	ECDSA_P256
	Key Name:	ChromeMetricsTestKey
	Key Type:	User key.

Key File Operation Information:
	File Path:	C:\Users\DELL\AppData\Roaming\Microsoft\Crypto\Keys\1e313dfb17707690d41bc1ce552b952a_77ea3534-aff9-4118-913a-426f47a54256
	Operation:	Delete key file.
	Return Code:	0x0"
Audit Success,04-06-2025 11:11:42,Microsoft-Windows-Security-Auditing,5059,Other System Events,"Key migration operation.

Subject:
	Security ID:		ALICE-IN-WONDER\DELL
	Account Name:		DELL
	Account Domain:		ALICE-IN-WONDER
	Logon ID:		0x3B1902D

Process Information:
	Process ID:		26388
	Process Creation Time:	‎2025‎-‎06‎-‎04T05:41:40.951738500Z

Cryptographic Parameters:
	Provider Name:	Microsoft Software Key Storage Provider
	Algorithm Name:	ECDSA_P256
	Key Name:	ChromeMetricsTestKey
	Key Type:	User key.

Additional Information:
	Operation:	Export of persistent cryptographic key.
	Return Code:	0x0"
Audit Success,04-06-2025 11:11:42,Microsoft-Windows-Security-Auditing,5061,System Integrity,"Cryptographic operation.

Subject:
	Security ID:		ALICE-IN-WONDER\DELL
	Account Name:		DELL
	Account Domain:		ALICE-IN-WONDER
	Logon ID:		0x3B1902D

Cryptographic Parameters:
	Provider Name:	Microsoft Software Key Storage Provider
	Algorithm Name:	ECDSA_P256
	Key Name:	ChromeMetricsTestKey
	Key Type:	User key.

Cryptographic Operation:
	Operation:	Open Key.
	Return Code:	0x0"
Audit Success,04-06-2025 11:11:42,Microsoft-Windows-Security-Auditing,5058,Other System Events,"Key file operation.

Subject:
	Security ID:		ALICE-IN-WONDER\DELL
	Account Name:		DELL
	Account Domain:		ALICE-IN-WONDER
	Logon ID:		0x3B1902D

Process Information:
	Process ID:		26388
	Process Creation Time:	‎2025‎-‎06‎-‎04T05:41:40.951738500Z

Cryptographic Parameters:
	Provider Name:	Microsoft Software Key Storage Provider
	Algorithm Name:	UNKNOWN
	Key Name:	ChromeMetricsTestKey
	Key Type:	User key.

Key File Operation Information:
	File Path:	C:\Users\DELL\AppData\Roaming\Microsoft\Crypto\Keys\1e313dfb17707690d41bc1ce552b952a_77ea3534-aff9-4118-913a-426f47a54256
	Operation:	Read persisted key from file.
	Return Code:	0x0"
Audit Success,04-06-2025 11:11:42,Microsoft-Windows-Security-Auditing,5059,Other System Events,"Key migration operation.

Subject:
	Security ID:		ALICE-IN-WONDER\DELL
	Account Name:		DELL
	Account Domain:		ALICE-IN-WONDER
	Logon ID:		0x3B1902D

Process Information:
	Process ID:		26388
	Process Creation Time:	‎2025‎-‎06‎-‎04T05:41:40.951738500Z

Cryptographic Parameters:
	Provider Name:	Microsoft Software Key Storage Provider
	Algorithm Name:	ECDSA_P256
	Key Name:	ChromeMetricsTestKey
	Key Type:	User key.

Additional Information:
	Operation:	Export of persistent cryptographic key.
	Return Code:	0x0"
Audit Success,04-06-2025 11:11:42,Microsoft-Windows-Security-Auditing,5061,System Integrity,"Cryptographic operation.

Subject:
	Security ID:		ALICE-IN-WONDER\DELL
	Account Name:		DELL
	Account Domain:		ALICE-IN-WONDER
	Logon ID:		0x3B1902D

Cryptographic Parameters:
	Provider Name:	Microsoft Software Key Storage Provider
	Algorithm Name:	ECDSA_P256
	Key Name:	ChromeMetricsTestKey
	Key Type:	User key.

Cryptographic Operation:
	Operation:	Create Key.
	Return Code:	0x0"
Audit Success,04-06-2025 11:11:42,Microsoft-Windows-Security-Auditing,5058,Other System Events,"Key file operation.

Subject:
	Security ID:		ALICE-IN-WONDER\DELL
	Account Name:		DELL
	Account Domain:		ALICE-IN-WONDER
	Logon ID:		0x3B1902D

Process Information:
	Process ID:		26388
	Process Creation Time:	‎2025‎-‎06‎-‎04T05:41:40.951738500Z

Cryptographic Parameters:
	Provider Name:	Microsoft Software Key Storage Provider
	Algorithm Name:	ECDSA_P256
	Key Name:	ChromeMetricsTestKey
	Key Type:	User key.

Key File Operation Information:
	File Path:	C:\Users\DELL\AppData\Roaming\Microsoft\Crypto\Keys\1e313dfb17707690d41bc1ce552b952a_77ea3534-aff9-4118-913a-426f47a54256
	Operation:	Write persisted key to file.
	Return Code:	0x0"
Audit Success,04-06-2025 11:11:40,Microsoft-Windows-Security-Auditing,4672,Special Logon,"Special privileges assigned to new logon.

Subject:
	Security ID:		SYSTEM
	Account Name:		SYSTEM
	Account Domain:		NT AUTHORITY
	Logon ID:		0x3E7

Privileges:		SeAssignPrimaryTokenPrivilege
			SeTcbPrivilege
			SeSecurityPrivilege
			SeTakeOwnershipPrivilege
			SeLoadDriverPrivilege
			SeBackupPrivilege
			SeRestorePrivilege
			SeDebugPrivilege
			SeAuditPrivilege
			SeSystemEnvironmentPrivilege
			SeImpersonatePrivilege
			SeDelegateSessionUserImpersonatePrivilege"
Audit Success,04-06-2025 11:11:40,Microsoft-Windows-Security-Auditing,4624,Logon,"An account was successfully logged on.

Subject:
	Security ID:		SYSTEM
	Account Name:		ALICE-IN-WONDER$
	Account Domain:		WORKGROUP
	Logon ID:		0x3E7

Logon Information:
	Logon Type:		5
	Restricted Admin Mode:	-
	Remote Credential Guard:	-
	Virtual Account:		No
	Elevated Token:		Yes

Impersonation Level:		Impersonation

New Logon:
	Security ID:		SYSTEM
	Account Name:		SYSTEM
	Account Domain:		NT AUTHORITY
	Logon ID:		0x3E7
	Linked Logon ID:		0x0
	Network Account Name:	-
	Network Account Domain:	-
	Logon GUID:		{00000000-0000-0000-0000-000000000000}

Process Information:
	Process ID:		0x408
	Process Name:		C:\Windows\System32\services.exe

Network Information:
	Workstation Name:	-
	Source Network Address:	-
	Source Port:		-

Detailed Authentication Information:
	Logon Process:		Advapi  
	Authentication Package:	Negotiate
	Transited Services:	-
	Package Name (NTLM only):	-
	Key Length:		0

This event is generated when a logon session is created. It is generated on the computer that was accessed.

The subject fields indicate the account on the local system which requested the logon. This is most commonly a service such as the Server service, or a local process such as Winlogon.exe or Services.exe.

The logon type field indicates the kind of logon that occurred. The most common types are 2 (interactive) and 3 (network).

The New Logon fields indicate the account for whom the new logon was created, i.e. the account that was logged on.

The network fields indicate where a remote logon request originated. Workstation name is not always available and may be left blank in some cases.

The impersonation level field indicates the extent to which a process in the logon session can impersonate.

The authentication information fields provide detailed information about this specific logon request.
	- Logon GUID is a unique identifier that can be used to correlate this event with a KDC event.
	- Transited services indicate which intermediate services have participated in this logon request.
	- Package name indicates which sub-protocol was used among the NTLM protocols.
	- Key length indicates the length of the generated session key. This will be 0 if no session key was requested."
Audit Success,04-06-2025 11:11:27,Microsoft-Windows-Security-Auditing,5379,User Account Management,"Credential Manager credentials were read.

Subject:
	Security ID:		ALICE-IN-WONDER\DELL
	Account Name:		DELL
	Account Domain:		ALICE-IN-WONDER
	Logon ID:		0x3B1902D
	Read Operation:		Read Credential

This event occurs when a user performs a read operation on stored credentials in Credential Manager."
Audit Success,04-06-2025 11:11:26,Microsoft-Windows-Security-Auditing,4798,User Account Management,"A user's local group membership was enumerated.

Subject:
	Security ID:		ALICE-IN-WONDER\DELL
	Account Name:		DELL
	Account Domain:		ALICE-IN-WONDER
	Logon ID:		0x3B1902D

User:
	Security ID:		ALICE-IN-WONDER\DELL
	Account Name:		DELL
	Account Domain:		ALICE-IN-WONDER

Process Information:
	Process ID:		0x42b0
	Process Name:		C:\Program Files\Git\usr\bin\sh.exe"
Audit Success,04-06-2025 11:11:26,Microsoft-Windows-Security-Auditing,5379,User Account Management,"Credential Manager credentials were read.

Subject:
	Security ID:		ALICE-IN-WONDER\DELL
	Account Name:		DELL
	Account Domain:		ALICE-IN-WONDER
	Logon ID:		0x3B1902D
	Read Operation:		Enumerate Credentials

This event occurs when a user performs a read operation on stored credentials in Credential Manager."
Audit Success,04-06-2025 11:11:26,Microsoft-Windows-Security-Auditing,5379,User Account Management,"Credential Manager credentials were read.

Subject:
	Security ID:		ALICE-IN-WONDER\DELL
	Account Name:		DELL
	Account Domain:		ALICE-IN-WONDER
	Logon ID:		0x3B1902D
	Read Operation:		Enumerate Credentials

This event occurs when a user performs a read operation on stored credentials in Credential Manager."
Audit Success,04-06-2025 11:11:25,Microsoft-Windows-Security-Auditing,4798,User Account Management,"A user's local group membership was enumerated.

Subject:
	Security ID:		ALICE-IN-WONDER\DELL
	Account Name:		DELL
	Account Domain:		ALICE-IN-WONDER
	Logon ID:		0x3B1902D

User:
	Security ID:		ALICE-IN-WONDER\DELL
	Account Name:		DELL
	Account Domain:		ALICE-IN-WONDER

Process Information:
	Process ID:		0x1280
	Process Name:		C:\Program Files\Git\usr\bin\sh.exe"
Audit Success,04-06-2025 11:10:35,Microsoft-Windows-Security-Auditing,4798,User Account Management,"A user's local group membership was enumerated.

Subject:
	Security ID:		SYSTEM
	Account Name:		ALICE-IN-WONDER$
	Account Domain:		WORKGROUP
	Logon ID:		0x3E7

User:
	Security ID:		ALICE-IN-WONDER\DELL
	Account Name:		DELL
	Account Domain:		ALICE-IN-WONDER

Process Information:
	Process ID:		0x1594
	Process Name:		C:\Windows\System32\svchost.exe"
Audit Success,04-06-2025 11:10:35,Microsoft-Windows-Security-Auditing,4798,User Account Management,"A user's local group membership was enumerated.

Subject:
	Security ID:		SYSTEM
	Account Name:		ALICE-IN-WONDER$
	Account Domain:		WORKGROUP
	Logon ID:		0x3E7

User:
	Security ID:		ALICE-IN-WONDER\DefaultAccount
	Account Name:		DefaultAccount
	Account Domain:		ALICE-IN-WONDER

Process Information:
	Process ID:		0x1594
	Process Name:		C:\Windows\System32\svchost.exe"
Audit Success,04-06-2025 11:10:35,Microsoft-Windows-Security-Auditing,4798,User Account Management,"A user's local group membership was enumerated.

Subject:
	Security ID:		SYSTEM
	Account Name:		ALICE-IN-WONDER$
	Account Domain:		WORKGROUP
	Logon ID:		0x3E7

User:
	Security ID:		ALICE-IN-WONDER\Administrator
	Account Name:		Administrator
	Account Domain:		ALICE-IN-WONDER

Process Information:
	Process ID:		0x1594
	Process Name:		C:\Windows\System32\svchost.exe"
Audit Success,04-06-2025 11:10:35,Microsoft-Windows-Security-Auditing,4798,User Account Management,"A user's local group membership was enumerated.

Subject:
	Security ID:		SYSTEM
	Account Name:		ALICE-IN-WONDER$
	Account Domain:		WORKGROUP
	Logon ID:		0x3E7

User:
	Security ID:		ALICE-IN-WONDER\DELL
	Account Name:		DELL
	Account Domain:		ALICE-IN-WONDER

Process Information:
	Process ID:		0x1594
	Process Name:		C:\Windows\System32\svchost.exe"
Audit Success,04-06-2025 11:10:35,Microsoft-Windows-Security-Auditing,4798,User Account Management,"A user's local group membership was enumerated.

Subject:
	Security ID:		SYSTEM
	Account Name:		ALICE-IN-WONDER$
	Account Domain:		WORKGROUP
	Logon ID:		0x3E7

User:
	Security ID:		ALICE-IN-WONDER\DefaultAccount
	Account Name:		DefaultAccount
	Account Domain:		ALICE-IN-WONDER

Process Information:
	Process ID:		0x1594
	Process Name:		C:\Windows\System32\svchost.exe"
Audit Success,04-06-2025 11:10:35,Microsoft-Windows-Security-Auditing,4798,User Account Management,"A user's local group membership was enumerated.

Subject:
	Security ID:		SYSTEM
	Account Name:		ALICE-IN-WONDER$
	Account Domain:		WORKGROUP
	Logon ID:		0x3E7

User:
	Security ID:		ALICE-IN-WONDER\Administrator
	Account Name:		Administrator
	Account Domain:		ALICE-IN-WONDER

Process Information:
	Process ID:		0x1594
	Process Name:		C:\Windows\System32\svchost.exe"
Audit Success,04-06-2025 11:08:39,Microsoft-Windows-Security-Auditing,4798,User Account Management,"A user's local group membership was enumerated.

Subject:
	Security ID:		SYSTEM
	Account Name:		ALICE-IN-WONDER$
	Account Domain:		WORKGROUP
	Logon ID:		0x3E7

User:
	Security ID:		ALICE-IN-WONDER\DELL
	Account Name:		DELL
	Account Domain:		ALICE-IN-WONDER

Process Information:
	Process ID:		0x1594
	Process Name:		C:\Windows\System32\svchost.exe"
Audit Success,04-06-2025 11:08:39,Microsoft-Windows-Security-Auditing,4798,User Account Management,"A user's local group membership was enumerated.

Subject:
	Security ID:		SYSTEM
	Account Name:		ALICE-IN-WONDER$
	Account Domain:		WORKGROUP
	Logon ID:		0x3E7

User:
	Security ID:		ALICE-IN-WONDER\DefaultAccount
	Account Name:		DefaultAccount
	Account Domain:		ALICE-IN-WONDER

Process Information:
	Process ID:		0x1594
	Process Name:		C:\Windows\System32\svchost.exe"
Audit Success,04-06-2025 11:08:39,Microsoft-Windows-Security-Auditing,4798,User Account Management,"A user's local group membership was enumerated.

Subject:
	Security ID:		SYSTEM
	Account Name:		ALICE-IN-WONDER$
	Account Domain:		WORKGROUP
	Logon ID:		0x3E7

User:
	Security ID:		ALICE-IN-WONDER\Administrator
	Account Name:		Administrator
	Account Domain:		ALICE-IN-WONDER

Process Information:
	Process ID:		0x1594
	Process Name:		C:\Windows\System32\svchost.exe"
Audit Success,04-06-2025 11:08:39,Microsoft-Windows-Security-Auditing,4798,User Account Management,"A user's local group membership was enumerated.

Subject:
	Security ID:		SYSTEM
	Account Name:		ALICE-IN-WONDER$
	Account Domain:		WORKGROUP
	Logon ID:		0x3E7

User:
	Security ID:		ALICE-IN-WONDER\DELL
	Account Name:		DELL
	Account Domain:		ALICE-IN-WONDER

Process Information:
	Process ID:		0x1594
	Process Name:		C:\Windows\System32\svchost.exe"
Audit Success,04-06-2025 11:08:39,Microsoft-Windows-Security-Auditing,4798,User Account Management,"A user's local group membership was enumerated.

Subject:
	Security ID:		SYSTEM
	Account Name:		ALICE-IN-WONDER$
	Account Domain:		WORKGROUP
	Logon ID:		0x3E7

User:
	Security ID:		ALICE-IN-WONDER\DefaultAccount
	Account Name:		DefaultAccount
	Account Domain:		ALICE-IN-WONDER

Process Information:
	Process ID:		0x1594
	Process Name:		C:\Windows\System32\svchost.exe"
Audit Success,04-06-2025 11:08:39,Microsoft-Windows-Security-Auditing,4798,User Account Management,"A user's local group membership was enumerated.

Subject:
	Security ID:		SYSTEM
	Account Name:		ALICE-IN-WONDER$
	Account Domain:		WORKGROUP
	Logon ID:		0x3E7

User:
	Security ID:		ALICE-IN-WONDER\Administrator
	Account Name:		Administrator
	Account Domain:		ALICE-IN-WONDER

Process Information:
	Process ID:		0x1594
	Process Name:		C:\Windows\System32\svchost.exe"
Audit Success,04-06-2025 11:08:23,Microsoft-Windows-Security-Auditing,5379,User Account Management,"Credential Manager credentials were read.

Subject:
	Security ID:		ALICE-IN-WONDER\DELL
	Account Name:		DELL
	Account Domain:		ALICE-IN-WONDER
	Logon ID:		0x3B1902D
	Read Operation:		Read Credential

This event occurs when a user performs a read operation on stored credentials in Credential Manager."
Audit Success,04-06-2025 11:08:23,Microsoft-Windows-Security-Auditing,4798,User Account Management,"A user's local group membership was enumerated.

Subject:
	Security ID:		ALICE-IN-WONDER\DELL
	Account Name:		DELL
	Account Domain:		ALICE-IN-WONDER
	Logon ID:		0x3B1902D

User:
	Security ID:		ALICE-IN-WONDER\DELL
	Account Name:		DELL
	Account Domain:		ALICE-IN-WONDER

Process Information:
	Process ID:		0x5308
	Process Name:		C:\Program Files\Git\usr\bin\sh.exe"
Audit Success,04-06-2025 11:08:22,Microsoft-Windows-Security-Auditing,5379,User Account Management,"Credential Manager credentials were read.

Subject:
	Security ID:		ALICE-IN-WONDER\DELL
	Account Name:		DELL
	Account Domain:		ALICE-IN-WONDER
	Logon ID:		0x3B1902D
	Read Operation:		Enumerate Credentials

This event occurs when a user performs a read operation on stored credentials in Credential Manager."
Audit Success,04-06-2025 11:08:22,Microsoft-Windows-Security-Auditing,5379,User Account Management,"Credential Manager credentials were read.

Subject:
	Security ID:		ALICE-IN-WONDER\DELL
	Account Name:		DELL
	Account Domain:		ALICE-IN-WONDER
	Logon ID:		0x3B1902D
	Read Operation:		Enumerate Credentials

This event occurs when a user performs a read operation on stored credentials in Credential Manager."
Audit Success,04-06-2025 11:08:21,Microsoft-Windows-Security-Auditing,4798,User Account Management,"A user's local group membership was enumerated.

Subject:
	Security ID:		ALICE-IN-WONDER\DELL
	Account Name:		DELL
	Account Domain:		ALICE-IN-WONDER
	Logon ID:		0x3B1902D

User:
	Security ID:		ALICE-IN-WONDER\DELL
	Account Name:		DELL
	Account Domain:		ALICE-IN-WONDER

Process Information:
	Process ID:		0x2334
	Process Name:		C:\Program Files\Git\usr\bin\sh.exe"
Audit Success,04-06-2025 11:08:16,Microsoft-Windows-Security-Auditing,5059,Other System Events,"Key migration operation.

Subject:
	Security ID:		SYSTEM
	Account Name:		ALICE-IN-WONDER$
	Account Domain:		WORKGROUP
	Logon ID:		0x3E7

Process Information:
	Process ID:		25596
	Process Creation Time:	‎2025‎-‎06‎-‎04T05:28:11.114146100Z

Cryptographic Parameters:
	Provider Name:	Microsoft Software Key Storage Provider
	Algorithm Name:	ECDH_P256
	Key Name:	BCM Host ECDH KEY
	Key Type:	User key.

Additional Information:
	Operation:	Export of persistent cryptographic key.
	Return Code:	0x0"
Audit Success,04-06-2025 11:08:16,Microsoft-Windows-Security-Auditing,5061,System Integrity,"Cryptographic operation.

Subject:
	Security ID:		SYSTEM
	Account Name:		ALICE-IN-WONDER$
	Account Domain:		WORKGROUP
	Logon ID:		0x3E7

Cryptographic Parameters:
	Provider Name:	Microsoft Software Key Storage Provider
	Algorithm Name:	ECDH_P256
	Key Name:	BCM Host ECDH KEY
	Key Type:	User key.

Cryptographic Operation:
	Operation:	Open Key.
	Return Code:	0x0"
Audit Success,04-06-2025 11:08:16,Microsoft-Windows-Security-Auditing,5058,Other System Events,"Key file operation.

Subject:
	Security ID:		SYSTEM
	Account Name:		ALICE-IN-WONDER$
	Account Domain:		WORKGROUP
	Logon ID:		0x3E7

Process Information:
	Process ID:		25596
	Process Creation Time:	‎2025‎-‎06‎-‎04T05:28:11.114146100Z

Cryptographic Parameters:
	Provider Name:	Microsoft Software Key Storage Provider
	Algorithm Name:	UNKNOWN
	Key Name:	BCM Host ECDH KEY
	Key Type:	User key.

Key File Operation Information:
	File Path:	C:\ProgramData\Microsoft\Crypto\SystemKeys\02396a98ffad5e806f4844a7410a73cd_77ea3534-aff9-4118-913a-426f47a54256
	Operation:	Read persisted key from file.
	Return Code:	0x0"
Audit Success,04-06-2025 11:08:16,Microsoft-Windows-Security-Auditing,4634,Logoff,"An account was logged off.

Subject:
	Security ID:		ALICE-IN-WONDER\DELL
	Account Name:		DELL
	Account Domain:		ALICE-IN-WONDER
	Logon ID:		0x43942AB

Logon Type:			2

This event is generated when a logon session is destroyed. It may be positively correlated with a logon event using the Logon ID value. Logon IDs are only unique between reboots on the same computer."
Audit Success,04-06-2025 11:08:16,Microsoft-Windows-Security-Auditing,4634,Logoff,"An account was logged off.

Subject:
	Security ID:		ALICE-IN-WONDER\DELL
	Account Name:		DELL
	Account Domain:		ALICE-IN-WONDER
	Logon ID:		0x43943AC

Logon Type:			2

This event is generated when a logon session is destroyed. It may be positively correlated with a logon event using the Logon ID value. Logon IDs are only unique between reboots on the same computer."
Audit Success,04-06-2025 11:08:16,Microsoft-Windows-Security-Auditing,4672,Special Logon,"Special privileges assigned to new logon.

Subject:
	Security ID:		ALICE-IN-WONDER\DELL
	Account Name:		DELL
	Account Domain:		ALICE-IN-WONDER
	Logon ID:		0x43942AB

Privileges:		SeSecurityPrivilege
			SeTakeOwnershipPrivilege
			SeLoadDriverPrivilege
			SeBackupPrivilege
			SeRestorePrivilege
			SeDebugPrivilege
			SeSystemEnvironmentPrivilege
			SeImpersonatePrivilege
			SeDelegateSessionUserImpersonatePrivilege"
Audit Success,04-06-2025 11:08:16,Microsoft-Windows-Security-Auditing,4624,Logon,"An account was successfully logged on.

Subject:
	Security ID:		SYSTEM
	Account Name:		ALICE-IN-WONDER$
	Account Domain:		WORKGROUP
	Logon ID:		0x3E7

Logon Information:
	Logon Type:		2
	Restricted Admin Mode:	-
	Remote Credential Guard:	-
	Virtual Account:		No
	Elevated Token:		No

Impersonation Level:		Impersonation

New Logon:
	Security ID:		ALICE-IN-WONDER\DELL
	Account Name:		DELL
	Account Domain:		ALICE-IN-WONDER
	Logon ID:		0x43943AC
	Linked Logon ID:		0x43942AB
	Network Account Name:	-
	Network Account Domain:	-
	Logon GUID:		{00000000-0000-0000-0000-000000000000}

Process Information:
	Process ID:		0x8dc
	Process Name:		C:\Windows\System32\svchost.exe

Network Information:
	Workstation Name:	ALICE-IN-WONDER
	Source Network Address:	127.0.0.1
	Source Port:		0

Detailed Authentication Information:
	Logon Process:		User32 
	Authentication Package:	Negotiate
	Transited Services:	-
	Package Name (NTLM only):	-
	Key Length:		0

This event is generated when a logon session is created. It is generated on the computer that was accessed.

The subject fields indicate the account on the local system which requested the logon. This is most commonly a service such as the Server service, or a local process such as Winlogon.exe or Services.exe.

The logon type field indicates the kind of logon that occurred. The most common types are 2 (interactive) and 3 (network).

The New Logon fields indicate the account for whom the new logon was created, i.e. the account that was logged on.

The network fields indicate where a remote logon request originated. Workstation name is not always available and may be left blank in some cases.

The impersonation level field indicates the extent to which a process in the logon session can impersonate.

The authentication information fields provide detailed information about this specific logon request.
	- Logon GUID is a unique identifier that can be used to correlate this event with a KDC event.
	- Transited services indicate which intermediate services have participated in this logon request.
	- Package name indicates which sub-protocol was used among the NTLM protocols.
	- Key length indicates the length of the generated session key. This will be 0 if no session key was requested."
Audit Success,04-06-2025 11:08:16,Microsoft-Windows-Security-Auditing,4624,Logon,"An account was successfully logged on.

Subject:
	Security ID:		SYSTEM
	Account Name:		ALICE-IN-WONDER$
	Account Domain:		WORKGROUP
	Logon ID:		0x3E7

Logon Information:
	Logon Type:		2
	Restricted Admin Mode:	-
	Remote Credential Guard:	-
	Virtual Account:		No
	Elevated Token:		Yes

Impersonation Level:		Impersonation

New Logon:
	Security ID:		ALICE-IN-WONDER\DELL
	Account Name:		DELL
	Account Domain:		ALICE-IN-WONDER
	Logon ID:		0x43942AB
	Linked Logon ID:		0x43943AC
	Network Account Name:	-
	Network Account Domain:	-
	Logon GUID:		{00000000-0000-0000-0000-000000000000}

Process Information:
	Process ID:		0x8dc
	Process Name:		C:\Windows\System32\svchost.exe

Network Information:
	Workstation Name:	ALICE-IN-WONDER
	Source Network Address:	127.0.0.1
	Source Port:		0

Detailed Authentication Information:
	Logon Process:		User32 
	Authentication Package:	Negotiate
	Transited Services:	-
	Package Name (NTLM only):	-
	Key Length:		0

This event is generated when a logon session is created. It is generated on the computer that was accessed.

The subject fields indicate the account on the local system which requested the logon. This is most commonly a service such as the Server service, or a local process such as Winlogon.exe or Services.exe.

The logon type field indicates the kind of logon that occurred. The most common types are 2 (interactive) and 3 (network).

The New Logon fields indicate the account for whom the new logon was created, i.e. the account that was logged on.

The network fields indicate where a remote logon request originated. Workstation name is not always available and may be left blank in some cases.

The impersonation level field indicates the extent to which a process in the logon session can impersonate.

The authentication information fields provide detailed information about this specific logon request.
	- Logon GUID is a unique identifier that can be used to correlate this event with a KDC event.
	- Transited services indicate which intermediate services have participated in this logon request.
	- Package name indicates which sub-protocol was used among the NTLM protocols.
	- Key length indicates the length of the generated session key. This will be 0 if no session key was requested."
Audit Success,04-06-2025 11:08:16,Microsoft-Windows-Security-Auditing,4648,Logon,"A logon was attempted using explicit credentials.

Subject:
	Security ID:		SYSTEM
	Account Name:		ALICE-IN-WONDER$
	Account Domain:		WORKGROUP
	Logon ID:		0x3E7
	Logon GUID:		{00000000-0000-0000-0000-000000000000}

Account Whose Credentials Were Used:
	Account Name:		DELL
	Account Domain:		ALICE-IN-WONDER
	Logon GUID:		{00000000-0000-0000-0000-000000000000}

Target Server:
	Target Server Name:	localhost
	Additional Information:	localhost

Process Information:
	Process ID:		0x8dc
	Process Name:		C:\Windows\System32\svchost.exe

Network Information:
	Network Address:	127.0.0.1
	Port:			0

This event is generated when a process attempts to log on an account by explicitly specifying that account’s credentials.  This most commonly occurs in batch-type configurations such as scheduled tasks, or when using the RUNAS command."
Audit Success,04-06-2025 11:08:16,Microsoft-Windows-Security-Auditing,4798,User Account Management,"A user's local group membership was enumerated.

Subject:
	Security ID:		SYSTEM
	Account Name:		ALICE-IN-WONDER$
	Account Domain:		WORKGROUP
	Logon ID:		0x3E7

User:
	Security ID:		ALICE-IN-WONDER\DELL
	Account Name:		DELL
	Account Domain:		ALICE-IN-WONDER

Process Information:
	Process ID:		0x424
	Process Name:		C:\Windows\System32\lsass.exe"
Audit Success,04-06-2025 11:08:16,Microsoft-Windows-Security-Auditing,5382,User Account Management,"Vault credentials were read.

Subject:
	Security ID:		SYSTEM
	Account Name:		ALICE-IN-WONDER$
	Account Domain:		WORKGROUP
	Logon ID:		0x3E7

This event occurs when a user reads a stored vault credential."
Audit Success,04-06-2025 11:08:15,Microsoft-Windows-Security-Auditing,5059,Other System Events,"Key migration operation.

Subject:
	Security ID:		SYSTEM
	Account Name:		ALICE-IN-WONDER$
	Account Domain:		WORKGROUP
	Logon ID:		0x3E7

Process Information:
	Process ID:		25596
	Process Creation Time:	‎2025‎-‎06‎-‎04T05:28:11.114146100Z

Cryptographic Parameters:
	Provider Name:	Microsoft Software Key Storage Provider
	Algorithm Name:	ECDH_P256
	Key Name:	BCM Host ECDH KEY
	Key Type:	User key.

Additional Information:
	Operation:	Export of persistent cryptographic key.
	Return Code:	0x0"
Audit Success,04-06-2025 11:08:15,Microsoft-Windows-Security-Auditing,5061,System Integrity,"Cryptographic operation.

Subject:
	Security ID:		SYSTEM
	Account Name:		ALICE-IN-WONDER$
	Account Domain:		WORKGROUP
	Logon ID:		0x3E7

Cryptographic Parameters:
	Provider Name:	Microsoft Software Key Storage Provider
	Algorithm Name:	ECDH_P256
	Key Name:	BCM Host ECDH KEY
	Key Type:	User key.

Cryptographic Operation:
	Operation:	Open Key.
	Return Code:	0x0"
Audit Success,04-06-2025 11:08:15,Microsoft-Windows-Security-Auditing,5058,Other System Events,"Key file operation.

Subject:
	Security ID:		SYSTEM
	Account Name:		ALICE-IN-WONDER$
	Account Domain:		WORKGROUP
	Logon ID:		0x3E7

Process Information:
	Process ID:		25596
	Process Creation Time:	‎2025‎-‎06‎-‎04T05:28:11.114146100Z

Cryptographic Parameters:
	Provider Name:	Microsoft Software Key Storage Provider
	Algorithm Name:	UNKNOWN
	Key Name:	BCM Host ECDH KEY
	Key Type:	User key.

Key File Operation Information:
	File Path:	C:\ProgramData\Microsoft\Crypto\SystemKeys\02396a98ffad5e806f4844a7410a73cd_77ea3534-aff9-4118-913a-426f47a54256
	Operation:	Read persisted key from file.
	Return Code:	0x0"
Audit Success,04-06-2025 11:08:11,Microsoft-Windows-Security-Auditing,5059,Other System Events,"Key migration operation.

Subject:
	Security ID:		SYSTEM
	Account Name:		ALICE-IN-WONDER$
	Account Domain:		WORKGROUP
	Logon ID:		0x3E7

Process Information:
	Process ID:		25596
	Process Creation Time:	‎2025‎-‎06‎-‎04T05:28:11.114146100Z

Cryptographic Parameters:
	Provider Name:	Microsoft Software Key Storage Provider
	Algorithm Name:	ECDH_P256
	Key Name:	BCM Host ECDH KEY
	Key Type:	User key.

Additional Information:
	Operation:	Export of persistent cryptographic key.
	Return Code:	0x0"
Audit Success,04-06-2025 11:08:11,Microsoft-Windows-Security-Auditing,5061,System Integrity,"Cryptographic operation.

Subject:
	Security ID:		SYSTEM
	Account Name:		ALICE-IN-WONDER$
	Account Domain:		WORKGROUP
	Logon ID:		0x3E7

Cryptographic Parameters:
	Provider Name:	Microsoft Software Key Storage Provider
	Algorithm Name:	ECDH_P256
	Key Name:	BCM Host ECDH KEY
	Key Type:	User key.

Cryptographic Operation:
	Operation:	Open Key.
	Return Code:	0x0"
Audit Success,04-06-2025 11:08:11,Microsoft-Windows-Security-Auditing,5058,Other System Events,"Key file operation.

Subject:
	Security ID:		SYSTEM
	Account Name:		ALICE-IN-WONDER$
	Account Domain:		WORKGROUP
	Logon ID:		0x3E7

Process Information:
	Process ID:		25596
	Process Creation Time:	‎2025‎-‎06‎-‎04T05:28:11.114146100Z

Cryptographic Parameters:
	Provider Name:	Microsoft Software Key Storage Provider
	Algorithm Name:	UNKNOWN
	Key Name:	BCM Host ECDH KEY
	Key Type:	User key.

Key File Operation Information:
	File Path:	C:\ProgramData\Microsoft\Crypto\SystemKeys\02396a98ffad5e806f4844a7410a73cd_77ea3534-aff9-4118-913a-426f47a54256
	Operation:	Read persisted key from file.
	Return Code:	0x0"
Audit Success,04-06-2025 11:08:09,Microsoft-Windows-Security-Auditing,4798,User Account Management,"A user's local group membership was enumerated.

Subject:
	Security ID:		SYSTEM
	Account Name:		ALICE-IN-WONDER$
	Account Domain:		WORKGROUP
	Logon ID:		0x3E7

User:
	Security ID:		ALICE-IN-WONDER\DELL
	Account Name:		DELL
	Account Domain:		ALICE-IN-WONDER

Process Information:
	Process ID:		0x1594
	Process Name:		C:\Windows\System32\svchost.exe"
Audit Success,04-06-2025 11:08:09,Microsoft-Windows-Security-Auditing,4798,User Account Management,"A user's local group membership was enumerated.

Subject:
	Security ID:		SYSTEM
	Account Name:		ALICE-IN-WONDER$
	Account Domain:		WORKGROUP
	Logon ID:		0x3E7

User:
	Security ID:		ALICE-IN-WONDER\DefaultAccount
	Account Name:		DefaultAccount
	Account Domain:		ALICE-IN-WONDER

Process Information:
	Process ID:		0x1594
	Process Name:		C:\Windows\System32\svchost.exe"
Audit Success,04-06-2025 11:08:09,Microsoft-Windows-Security-Auditing,4798,User Account Management,"A user's local group membership was enumerated.

Subject:
	Security ID:		SYSTEM
	Account Name:		ALICE-IN-WONDER$
	Account Domain:		WORKGROUP
	Logon ID:		0x3E7

User:
	Security ID:		ALICE-IN-WONDER\Administrator
	Account Name:		Administrator
	Account Domain:		ALICE-IN-WONDER

Process Information:
	Process ID:		0x1594
	Process Name:		C:\Windows\System32\svchost.exe"
Audit Success,04-06-2025 11:08:09,Microsoft-Windows-Security-Auditing,4798,User Account Management,"A user's local group membership was enumerated.

Subject:
	Security ID:		SYSTEM
	Account Name:		ALICE-IN-WONDER$
	Account Domain:		WORKGROUP
	Logon ID:		0x3E7

User:
	Security ID:		ALICE-IN-WONDER\DELL
	Account Name:		DELL
	Account Domain:		ALICE-IN-WONDER

Process Information:
	Process ID:		0x1594
	Process Name:		C:\Windows\System32\svchost.exe"
Audit Success,04-06-2025 11:08:09,Microsoft-Windows-Security-Auditing,4798,User Account Management,"A user's local group membership was enumerated.

Subject:
	Security ID:		SYSTEM
	Account Name:		ALICE-IN-WONDER$
	Account Domain:		WORKGROUP
	Logon ID:		0x3E7

User:
	Security ID:		ALICE-IN-WONDER\DefaultAccount
	Account Name:		DefaultAccount
	Account Domain:		ALICE-IN-WONDER

Process Information:
	Process ID:		0x1594
	Process Name:		C:\Windows\System32\svchost.exe"
Audit Success,04-06-2025 11:08:09,Microsoft-Windows-Security-Auditing,4798,User Account Management,"A user's local group membership was enumerated.

Subject:
	Security ID:		SYSTEM
	Account Name:		ALICE-IN-WONDER$
	Account Domain:		WORKGROUP
	Logon ID:		0x3E7

User:
	Security ID:		ALICE-IN-WONDER\Administrator
	Account Name:		Administrator
	Account Domain:		ALICE-IN-WONDER

Process Information:
	Process ID:		0x1594
	Process Name:		C:\Windows\System32\svchost.exe"
Audit Success,04-06-2025 11:08:08,Microsoft-Windows-Security-Auditing,4672,Special Logon,"Special privileges assigned to new logon.

Subject:
	Security ID:		SYSTEM
	Account Name:		SYSTEM
	Account Domain:		NT AUTHORITY
	Logon ID:		0x3E7

Privileges:		SeAssignPrimaryTokenPrivilege
			SeTcbPrivilege
			SeSecurityPrivilege
			SeTakeOwnershipPrivilege
			SeLoadDriverPrivilege
			SeBackupPrivilege
			SeRestorePrivilege
			SeDebugPrivilege
			SeAuditPrivilege
			SeSystemEnvironmentPrivilege
			SeImpersonatePrivilege
			SeDelegateSessionUserImpersonatePrivilege"
Audit Success,04-06-2025 11:08:08,Microsoft-Windows-Security-Auditing,4624,Logon,"An account was successfully logged on.

Subject:
	Security ID:		SYSTEM
	Account Name:		ALICE-IN-WONDER$
	Account Domain:		WORKGROUP
	Logon ID:		0x3E7

Logon Information:
	Logon Type:		5
	Restricted Admin Mode:	-
	Remote Credential Guard:	-
	Virtual Account:		No
	Elevated Token:		Yes

Impersonation Level:		Impersonation

New Logon:
	Security ID:		SYSTEM
	Account Name:		SYSTEM
	Account Domain:		NT AUTHORITY
	Logon ID:		0x3E7
	Linked Logon ID:		0x0
	Network Account Name:	-
	Network Account Domain:	-
	Logon GUID:		{00000000-0000-0000-0000-000000000000}

Process Information:
	Process ID:		0x408
	Process Name:		C:\Windows\System32\services.exe

Network Information:
	Workstation Name:	-
	Source Network Address:	-
	Source Port:		-

Detailed Authentication Information:
	Logon Process:		Advapi  
	Authentication Package:	Negotiate
	Transited Services:	-
	Package Name (NTLM only):	-
	Key Length:		0

This event is generated when a logon session is created. It is generated on the computer that was accessed.

The subject fields indicate the account on the local system which requested the logon. This is most commonly a service such as the Server service, or a local process such as Winlogon.exe or Services.exe.

The logon type field indicates the kind of logon that occurred. The most common types are 2 (interactive) and 3 (network).

The New Logon fields indicate the account for whom the new logon was created, i.e. the account that was logged on.

The network fields indicate where a remote logon request originated. Workstation name is not always available and may be left blank in some cases.

The impersonation level field indicates the extent to which a process in the logon session can impersonate.

The authentication information fields provide detailed information about this specific logon request.
	- Logon GUID is a unique identifier that can be used to correlate this event with a KDC event.
	- Transited services indicate which intermediate services have participated in this logon request.
	- Package name indicates which sub-protocol was used among the NTLM protocols.
	- Key length indicates the length of the generated session key. This will be 0 if no session key was requested."
Audit Success,04-06-2025 11:07:15,Microsoft-Windows-Security-Auditing,4798,User Account Management,"A user's local group membership was enumerated.

Subject:
	Security ID:		SYSTEM
	Account Name:		ALICE-IN-WONDER$
	Account Domain:		WORKGROUP
	Logon ID:		0x3E7

User:
	Security ID:		ALICE-IN-WONDER\DELL
	Account Name:		DELL
	Account Domain:		ALICE-IN-WONDER

Process Information:
	Process ID:		0x1594
	Process Name:		C:\Windows\System32\svchost.exe"
Audit Success,04-06-2025 11:07:15,Microsoft-Windows-Security-Auditing,4798,User Account Management,"A user's local group membership was enumerated.

Subject:
	Security ID:		SYSTEM
	Account Name:		ALICE-IN-WONDER$
	Account Domain:		WORKGROUP
	Logon ID:		0x3E7

User:
	Security ID:		ALICE-IN-WONDER\DefaultAccount
	Account Name:		DefaultAccount
	Account Domain:		ALICE-IN-WONDER

Process Information:
	Process ID:		0x1594
	Process Name:		C:\Windows\System32\svchost.exe"
Audit Success,04-06-2025 11:07:15,Microsoft-Windows-Security-Auditing,4798,User Account Management,"A user's local group membership was enumerated.

Subject:
	Security ID:		SYSTEM
	Account Name:		ALICE-IN-WONDER$
	Account Domain:		WORKGROUP
	Logon ID:		0x3E7

User:
	Security ID:		ALICE-IN-WONDER\Administrator
	Account Name:		Administrator
	Account Domain:		ALICE-IN-WONDER

Process Information:
	Process ID:		0x1594
	Process Name:		C:\Windows\System32\svchost.exe"
Audit Success,04-06-2025 11:07:15,Microsoft-Windows-Security-Auditing,4798,User Account Management,"A user's local group membership was enumerated.

Subject:
	Security ID:		SYSTEM
	Account Name:		ALICE-IN-WONDER$
	Account Domain:		WORKGROUP
	Logon ID:		0x3E7

User:
	Security ID:		ALICE-IN-WONDER\DELL
	Account Name:		DELL
	Account Domain:		ALICE-IN-WONDER

Process Information:
	Process ID:		0x1594
	Process Name:		C:\Windows\System32\svchost.exe"
Audit Success,04-06-2025 11:07:15,Microsoft-Windows-Security-Auditing,4798,User Account Management,"A user's local group membership was enumerated.

Subject:
	Security ID:		SYSTEM
	Account Name:		ALICE-IN-WONDER$
	Account Domain:		WORKGROUP
	Logon ID:		0x3E7

User:
	Security ID:		ALICE-IN-WONDER\DefaultAccount
	Account Name:		DefaultAccount
	Account Domain:		ALICE-IN-WONDER

Process Information:
	Process ID:		0x1594
	Process Name:		C:\Windows\System32\svchost.exe"
Audit Success,04-06-2025 11:07:15,Microsoft-Windows-Security-Auditing,4798,User Account Management,"A user's local group membership was enumerated.

Subject:
	Security ID:		SYSTEM
	Account Name:		ALICE-IN-WONDER$
	Account Domain:		WORKGROUP
	Logon ID:		0x3E7

User:
	Security ID:		ALICE-IN-WONDER\Administrator
	Account Name:		Administrator
	Account Domain:		ALICE-IN-WONDER

Process Information:
	Process ID:		0x1594
	Process Name:		C:\Windows\System32\svchost.exe"
Audit Success,04-06-2025 11:05:54,Microsoft-Windows-Security-Auditing,4798,User Account Management,"A user's local group membership was enumerated.

Subject:
	Security ID:		SYSTEM
	Account Name:		ALICE-IN-WONDER$
	Account Domain:		WORKGROUP
	Logon ID:		0x3E7

User:
	Security ID:		ALICE-IN-WONDER\DELL
	Account Name:		DELL
	Account Domain:		ALICE-IN-WONDER

Process Information:
	Process ID:		0x1594
	Process Name:		C:\Windows\System32\svchost.exe"
Audit Success,04-06-2025 11:05:54,Microsoft-Windows-Security-Auditing,4798,User Account Management,"A user's local group membership was enumerated.

Subject:
	Security ID:		SYSTEM
	Account Name:		ALICE-IN-WONDER$
	Account Domain:		WORKGROUP
	Logon ID:		0x3E7

User:
	Security ID:		ALICE-IN-WONDER\DefaultAccount
	Account Name:		DefaultAccount
	Account Domain:		ALICE-IN-WONDER

Process Information:
	Process ID:		0x1594
	Process Name:		C:\Windows\System32\svchost.exe"
Audit Success,04-06-2025 11:05:54,Microsoft-Windows-Security-Auditing,4798,User Account Management,"A user's local group membership was enumerated.

Subject:
	Security ID:		SYSTEM
	Account Name:		ALICE-IN-WONDER$
	Account Domain:		WORKGROUP
	Logon ID:		0x3E7

User:
	Security ID:		ALICE-IN-WONDER\Administrator
	Account Name:		Administrator
	Account Domain:		ALICE-IN-WONDER

Process Information:
	Process ID:		0x1594
	Process Name:		C:\Windows\System32\svchost.exe"
Audit Success,04-06-2025 11:05:54,Microsoft-Windows-Security-Auditing,4798,User Account Management,"A user's local group membership was enumerated.

Subject:
	Security ID:		SYSTEM
	Account Name:		ALICE-IN-WONDER$
	Account Domain:		WORKGROUP
	Logon ID:		0x3E7

User:
	Security ID:		ALICE-IN-WONDER\DELL
	Account Name:		DELL
	Account Domain:		ALICE-IN-WONDER

Process Information:
	Process ID:		0x1594
	Process Name:		C:\Windows\System32\svchost.exe"
Audit Success,04-06-2025 11:05:54,Microsoft-Windows-Security-Auditing,4798,User Account Management,"A user's local group membership was enumerated.

Subject:
	Security ID:		SYSTEM
	Account Name:		ALICE-IN-WONDER$
	Account Domain:		WORKGROUP
	Logon ID:		0x3E7

User:
	Security ID:		ALICE-IN-WONDER\DefaultAccount
	Account Name:		DefaultAccount
	Account Domain:		ALICE-IN-WONDER

Process Information:
	Process ID:		0x1594
	Process Name:		C:\Windows\System32\svchost.exe"
Audit Success,04-06-2025 11:05:54,Microsoft-Windows-Security-Auditing,4798,User Account Management,"A user's local group membership was enumerated.

Subject:
	Security ID:		SYSTEM
	Account Name:		ALICE-IN-WONDER$
	Account Domain:		WORKGROUP
	Logon ID:		0x3E7

User:
	Security ID:		ALICE-IN-WONDER\Administrator
	Account Name:		Administrator
	Account Domain:		ALICE-IN-WONDER

Process Information:
	Process ID:		0x1594
	Process Name:		C:\Windows\System32\svchost.exe"
Audit Success,04-06-2025 11:05:44,Microsoft-Windows-Security-Auditing,4672,Special Logon,"Special privileges assigned to new logon.

Subject:
	Security ID:		SYSTEM
	Account Name:		SYSTEM
	Account Domain:		NT AUTHORITY
	Logon ID:		0x3E7

Privileges:		SeAssignPrimaryTokenPrivilege
			SeTcbPrivilege
			SeSecurityPrivilege
			SeTakeOwnershipPrivilege
			SeLoadDriverPrivilege
			SeBackupPrivilege
			SeRestorePrivilege
			SeDebugPrivilege
			SeAuditPrivilege
			SeSystemEnvironmentPrivilege
			SeImpersonatePrivilege
			SeDelegateSessionUserImpersonatePrivilege"
